============================================================
  Generated by:           Genus(TM) Synthesis Solution 22.10-p001_1
  Generated on:           Mar 12 2025  11:45:49 pm
  Module:                 Port_B
  Operating conditions:   ss_v1p08_125c (balanced_tree)
  Operating conditions:   ff_v1p32_-40c (balanced_tree)
  Operating conditions:   tt_v1p5_25c (balanced_tree)
  Wireload mode:          enclosed
  Area mode:              timing library
============================================================

                                                                         Library 
    Gate     Instances    Area                   Library                  Domain 
---------------------------------------------------------------------------------
AND2HDV2RD           6    40.344    scc013ull_hd_rvt_ss_v1p08_125c_basic       0 
AO222HDV1            8   118.342    scc013ull_hd_rvt_ss_v1p08_125c_basic       0 
AO22HDV0             1    10.758    scc013ull_hd_rvt_ss_v1p08_125c_basic       0 
AOAI211HDV1          1     8.069    scc013ull_hd_rvt_ss_v1p08_125c_basic       0 
AOI21BHDV0           1     8.069    scc013ull_hd_rvt_ss_v1p08_125c_basic       0 
CLKMUX2HDV0          2    26.896    scc013ull_hd_rvt_ss_v1p08_125c_basic       0 
DQHDV2               8   193.651    scc013ull_hd_rvt_ss_v1p08_125c_basic       0 
DRQHDV2              8   215.168    scc013ull_hd_rvt_ss_v1p08_125c_basic       0 
EDRNQHDV0            8   290.477    scc013ull_hd_rvt_ss_v1p08_125c_basic       0 
IAO21HDV2            1     9.414    scc013ull_hd_rvt_ss_v1p08_125c_basic       0 
INAND2HDV2           9    60.516    scc013ull_hd_rvt_ss_v1p08_125c_basic       0 
INAND3HDV2           7    56.482    scc013ull_hd_rvt_ss_v1p08_125c_basic       0 
INAND4HDV2           2    18.827    scc013ull_hd_rvt_ss_v1p08_125c_basic       0 
INHDV0               1     4.034    scc013ull_hd_rvt_ss_v1p08_125c_basic       0 
INHDV1               2     8.069    scc013ull_hd_rvt_ss_v1p08_125c_basic       0 
INHDV2               3    12.103    scc013ull_hd_rvt_ss_v1p08_125c_basic       0 
INOR2HDV2            3    20.172    scc013ull_hd_rvt_ss_v1p08_125c_basic       0 
INOR3HDV1            1     8.069    scc013ull_hd_rvt_ss_v1p08_125c_basic       0 
INOR4HDV2            1     9.414    scc013ull_hd_rvt_ss_v1p08_125c_basic       0 
IOA21HDV1            1     8.069    scc013ull_hd_rvt_ss_v1p08_125c_basic       0 
IOA22HDV0           16   150.618    scc013ull_hd_rvt_ss_v1p08_125c_basic       0 
LAHHDV0              8   161.376    scc013ull_hd_rvt_ss_v1p08_125c_basic       0 
MUX2HDV2             1    13.448    scc013ull_hd_rvt_ss_v1p08_125c_basic       0 
NAND2HDV2            3    16.138    scc013ull_hd_rvt_ss_v1p08_125c_basic       0 
NOR2HDV2             3    16.138    scc013ull_hd_rvt_ss_v1p08_125c_basic       0 
NOR3BBHDV2           1     8.069    scc013ull_hd_rvt_ss_v1p08_125c_basic       0 
NOR3HDV2             2    13.448    scc013ull_hd_rvt_ss_v1p08_125c_basic       0 
OAI211HDV2           1     8.069    scc013ull_hd_rvt_ss_v1p08_125c_basic       0 
OAI21BHDV2           1     9.414    scc013ull_hd_rvt_ss_v1p08_125c_basic       0 
OAI21HDV2            6    40.344    scc013ull_hd_rvt_ss_v1p08_125c_basic       0 
OAI22HDV0            1     8.069    scc013ull_hd_rvt_ss_v1p08_125c_basic       0 
OR2HDV2RD            1     6.724    scc013ull_hd_rvt_ss_v1p08_125c_basic       0 
TBUFHDV0             5    60.516    scc013ull_hd_rvt_ss_v1p08_125c_basic       0 
TBUFHDV1             3    36.310    scc013ull_hd_rvt_ss_v1p08_125c_basic       0 
---------------------------------------------------------------------------------
total              126  1675.621                                         


                                         
     Type      Instances   Area   Area % 
-----------------------------------------
sequential            32  860.672   51.4 
inverter               6   24.206    1.4 
tristate               8   96.826    5.8 
logic                 80  693.917   41.4 
physical_cells         0    0.000    0.0 
-----------------------------------------
total                126 1675.621  100.0 

