============================================================
  Generated by:           Genus(TM) Synthesis Solution 22.10-p001_1
  Generated on:           Mar 12 2025  11:45:49 pm
  Module:                 Port_B
  Operating conditions:   ss_v1p08_125c (balanced_tree)
  Operating conditions:   ff_v1p32_-40c (balanced_tree)
  Operating conditions:   tt_v1p5_25c (balanced_tree)
  Wireload mode:          enclosed
  Area mode:              timing library
============================================================

Timing
--------

   Analysis view   Clock  Period 
---------------------------------
view_ss_v1p08_125c CLK   50000.0 
view_ff_v1p32      CLK   50000.0 
view_tt_v1p5_25c   CLK   50000.0 


     Analysis        Cost   Critical        Violating 
       View         Group  Path Slack  TNS    Paths   
------------------------------------------------------
view_ss_v1p08_125c     CLK    26789.5  0.0          0 
                   default   No paths  0.0          0 
------------------------------------------------------
Total                                 -0.0          0 
                                                      
view_ff_v1p32          CLK    28178.5  0.0          0 
                   default   No paths  0.0          0 
------------------------------------------------------
Total                                 -0.0          0 
                                                      
view_tt_v1p5_25c       CLK    28096.4  0.0          0 
                   default   No paths  0.0          0 
------------------------------------------------------
Total                                 -0.0          0 
                                                      

Instance Count
--------------
Leaf Instance Count             126 
Physical Instance count           0 
Sequential Instance Count        32 
Combinational Instance Count     94 
Hierarchical Instance Count       4 

Area
----
Cell Area                          1675.621
Physical Cell Area                 0.000
Total Cell Area (Cell+Physical)    1675.621
Net Area                           0.000
Total Area (Cell+Physical+Net)     1675.621

Max Fanout                         32 (cp2)
Min Fanout                         0 (ireset)
Average Fanout                     2.2
Terms to net ratio                 2.7802
Terms to instance ratio            4.0159
Runtime                            14.670204 seconds
Elapsed Runtime                    12 seconds
Genus peak memory usage            2233.12 
Innovus peak memory usage          no_value 
Hostname                           esidcad1.ee.eng.chula.ac.th
