============================================================
  Generated by:           Genus(TM) Synthesis Solution 23.10-p004_1
  Generated on:           Apr 22 2025  12:01:09 am
  Module:                 aes_top
  Operating conditions:   ss_v1p08_125c (balanced_tree)
  Operating conditions:   ff_v1p32_-40c (balanced_tree)
  Operating conditions:   tt_v1p5_25c (balanced_tree)
  Wireload mode:          enclosed
  Area mode:              timing library
============================================================

                                                                             Library 
     Gate      Instances     Area                    Library                  Domain 
-------------------------------------------------------------------------------------
AD1HDV2C               5     127.756    scc013ull_hd_rvt_ss_v1p08_125c_basic       0 
ADH1HDV2C              1      16.138    scc013ull_hd_rvt_ss_v1p08_125c_basic       0 
ADH1HDV4C              1      18.827    scc013ull_hd_rvt_ss_v1p08_125c_basic       0 
AND2HDV1               1       6.724    scc013ull_hd_rvt_ss_v1p08_125c_basic       0 
AND2HDV1RD            28     188.272    scc013ull_hd_rvt_ss_v1p08_125c_basic       0 
AND2HDV2              25     168.100    scc013ull_hd_rvt_ss_v1p08_125c_basic       0 
AND2HDV2RD          1421    9554.804    scc013ull_hd_rvt_ss_v1p08_125c_basic       0 
AND2HDV4              31     291.822    scc013ull_hd_rvt_ss_v1p08_125c_basic       0 
AND2HDV4RD             1      12.103    scc013ull_hd_rvt_ss_v1p08_125c_basic       0 
AND2HDV6               5      67.240    scc013ull_hd_rvt_ss_v1p08_125c_basic       0 
AND2HDV6RD             5      67.240    scc013ull_hd_rvt_ss_v1p08_125c_basic       0 
AND3HDV2              35     282.408    scc013ull_hd_rvt_ss_v1p08_125c_basic       0 
AND3HDV2RD            32     258.202    scc013ull_hd_rvt_ss_v1p08_125c_basic       0 
AND4HDV0              10      94.136    scc013ull_hd_rvt_ss_v1p08_125c_basic       0 
AND4HDV2               1      10.758    scc013ull_hd_rvt_ss_v1p08_125c_basic       0 
AO211HDV2            123    1323.283    scc013ull_hd_rvt_ss_v1p08_125c_basic       0 
AO21HDV2              32     301.235    scc013ull_hd_rvt_ss_v1p08_125c_basic       0 
AO221HDV0            448    5422.234    scc013ull_hd_rvt_ss_v1p08_125c_basic       0 
AO221HDV2             14     188.272    scc013ull_hd_rvt_ss_v1p08_125c_basic       0 
AO222HDV0              1      14.793    scc013ull_hd_rvt_ss_v1p08_125c_basic       0 
AO222HDV1            204    3017.731    scc013ull_hd_rvt_ss_v1p08_125c_basic       0 
AO222HDV2              4      64.550    scc013ull_hd_rvt_ss_v1p08_125c_basic       0 
AO22HDV0             347    3733.165    scc013ull_hd_rvt_ss_v1p08_125c_basic       0 
AO31HDV0              11     103.550    scc013ull_hd_rvt_ss_v1p08_125c_basic       0 
AO31HDV2               1      10.758    scc013ull_hd_rvt_ss_v1p08_125c_basic       0 
AO31HDVL             233    2193.369    scc013ull_hd_rvt_ss_v1p08_125c_basic       0 
AO32HDV2             316    3824.611    scc013ull_hd_rvt_ss_v1p08_125c_basic       0 
AO33HDV2              24     322.752    scc013ull_hd_rvt_ss_v1p08_125c_basic       0 
AOAI211HDV1         2861   23084.837    scc013ull_hd_rvt_ss_v1p08_125c_basic       0 
AOI211HDV0             7      56.482    scc013ull_hd_rvt_ss_v1p08_125c_basic       0 
AOI211HDV1            59     476.059    scc013ull_hd_rvt_ss_v1p08_125c_basic       0 
AOI211HDV2          2129   17178.475    scc013ull_hd_rvt_ss_v1p08_125c_basic       0 
AOI21BHDV0           186    1500.797    scc013ull_hd_rvt_ss_v1p08_125c_basic       0 
AOI21BHDV2             5      47.068    scc013ull_hd_rvt_ss_v1p08_125c_basic       0 
AOI21BHDVL            12      96.826    scc013ull_hd_rvt_ss_v1p08_125c_basic       0 
AOI21HDV0             83     558.092    scc013ull_hd_rvt_ss_v1p08_125c_basic       0 
AOI21HDV1            149    1001.876    scc013ull_hd_rvt_ss_v1p08_125c_basic       0 
AOI21HDV2           1794   12062.856    scc013ull_hd_rvt_ss_v1p08_125c_basic       0 
AOI21HDV4              1      12.103    scc013ull_hd_rvt_ss_v1p08_125c_basic       0 
AOI21HDVL             30     201.720    scc013ull_hd_rvt_ss_v1p08_125c_basic       0 
AOI221HDV2            51     617.263    scc013ull_hd_rvt_ss_v1p08_125c_basic       0 
AOI221HDVL          1441   15502.854    scc013ull_hd_rvt_ss_v1p08_125c_basic       0 
AOI222HDV2           381    5123.688    scc013ull_hd_rvt_ss_v1p08_125c_basic       0 
AOI22HDV0              2      16.138    scc013ull_hd_rvt_ss_v1p08_125c_basic       0 
AOI22HDV1           2868   23141.318    scc013ull_hd_rvt_ss_v1p08_125c_basic       0 
AOI31HDV0           1244   10037.587    scc013ull_hd_rvt_ss_v1p08_125c_basic       0 
AOI31HDV2              2      18.827    scc013ull_hd_rvt_ss_v1p08_125c_basic       0 
AOI31HDVL              1       8.069    scc013ull_hd_rvt_ss_v1p08_125c_basic       0 
AOI32HDV1              1      10.758    scc013ull_hd_rvt_ss_v1p08_125c_basic       0 
AOI32HDV2            202    2173.197    scc013ull_hd_rvt_ss_v1p08_125c_basic       0 
AOI33HDV2             47     568.850    scc013ull_hd_rvt_ss_v1p08_125c_basic       0 
BUFHDV6RD              1      10.758    scc013ull_hd_rvt_ss_v1p08_125c_basic       0 
CLKINHDV1            235     948.084    scc013ull_hd_rvt_ss_v1p08_125c_basic       0 
CLKINHDV2            405    1633.932    scc013ull_hd_rvt_ss_v1p08_125c_basic       0 
CLKINHDV24             7     150.618    scc013ull_hd_rvt_ss_v1p08_125c_basic       0 
CLKINHDV4              2      10.758    scc013ull_hd_rvt_ss_v1p08_125c_basic       0 
CLKINHDV8              1       9.414    scc013ull_hd_rvt_ss_v1p08_125c_basic       0 
CLKMUX2HDV4            1      14.793    scc013ull_hd_rvt_ss_v1p08_125c_basic       0 
CLKNAND2HDV0           2      10.758    scc013ull_hd_rvt_ss_v1p08_125c_basic       0 
CLKNAND2HDV1         285    1533.072    scc013ull_hd_rvt_ss_v1p08_125c_basic       0 
CLKNAND2HDV12          3      68.585    scc013ull_hd_rvt_ss_v1p08_125c_basic       0 
CLKNAND2HDV2        4005   21543.696    scc013ull_hd_rvt_ss_v1p08_125c_basic       0 
CLKNAND2HDV4          61     574.230    scc013ull_hd_rvt_ss_v1p08_125c_basic       0 
CLKNAND2HDV8           4      64.550    scc013ull_hd_rvt_ss_v1p08_125c_basic       0 
CLKXOR2HDV0          641    7758.151    scc013ull_hd_rvt_ss_v1p08_125c_basic       0 
DQHDV2               129    3122.626    scc013ull_hd_rvt_ss_v1p08_125c_basic       0 
DRNQHDV0               1      29.586    scc013ull_hd_rvt_ss_v1p08_125c_basic       0 
DRNQHDV2               1      29.586    scc013ull_hd_rvt_ss_v1p08_125c_basic       0 
DRNQHDV4               2      59.171    scc013ull_hd_rvt_ss_v1p08_125c_basic       0 
DRQHDV0                1      26.896    scc013ull_hd_rvt_ss_v1p08_125c_basic       0 
DRQHDV2               11     295.856    scc013ull_hd_rvt_ss_v1p08_125c_basic       0 
DRQNHDV0               3      76.654    scc013ull_hd_rvt_ss_v1p08_125c_basic       0 
DRQNHDV2             134    3423.861    scc013ull_hd_rvt_ss_v1p08_125c_basic       0 
EDQHDV0              760   24529.152    scc013ull_hd_rvt_ss_v1p08_125c_basic       0 
EDQHDV2             4862  156922.022    scc013ull_hd_rvt_ss_v1p08_125c_basic       0 
EDQHDV4                1      33.620    scc013ull_hd_rvt_ss_v1p08_125c_basic       0 
EDRNQHDV0            141    5119.654    scc013ull_hd_rvt_ss_v1p08_125c_basic       0 
EDRNQHDV8              1      41.689    scc013ull_hd_rvt_ss_v1p08_125c_basic       0 
I2NAND4HDV2            1      12.103    scc013ull_hd_rvt_ss_v1p08_125c_basic       0 
I2NOR4HDV0             9     108.929    scc013ull_hd_rvt_ss_v1p08_125c_basic       0 
IAO21HDV2            150    1412.040    scc013ull_hd_rvt_ss_v1p08_125c_basic       0 
IAO22HDV2           1269   13652.410    scc013ull_hd_rvt_ss_v1p08_125c_basic       0 
INAND2HDV1             1       6.724    scc013ull_hd_rvt_ss_v1p08_125c_basic       0 
INAND2HDV2           568    3819.232    scc013ull_hd_rvt_ss_v1p08_125c_basic       0 
INAND2HDVL             1       6.724    scc013ull_hd_rvt_ss_v1p08_125c_basic       0 
INAND3HDV1             2      16.138    scc013ull_hd_rvt_ss_v1p08_125c_basic       0 
INAND3HDV2            65     524.472    scc013ull_hd_rvt_ss_v1p08_125c_basic       0 
INAND3HDVL             1       8.069    scc013ull_hd_rvt_ss_v1p08_125c_basic       0 
INAND4HDV2            63     593.057    scc013ull_hd_rvt_ss_v1p08_125c_basic       0 
INHDV0              1363    5498.887    scc013ull_hd_rvt_ss_v1p08_125c_basic       0 
INHDV1              2168    8746.579    scc013ull_hd_rvt_ss_v1p08_125c_basic       0 
INHDV12                6      72.619    scc013ull_hd_rvt_ss_v1p08_125c_basic       0 
INHDV16                2      32.275    scc013ull_hd_rvt_ss_v1p08_125c_basic       0 
INHDV2              4543   18328.279    scc013ull_hd_rvt_ss_v1p08_125c_basic       0 
INHDV20                1      18.827    scc013ull_hd_rvt_ss_v1p08_125c_basic       0 
INHDV3                14      75.309    scc013ull_hd_rvt_ss_v1p08_125c_basic       0 
INHDV32                1      28.241    scc013ull_hd_rvt_ss_v1p08_125c_basic       0 
INHDV4               136     731.571    scc013ull_hd_rvt_ss_v1p08_125c_basic       0 
INHDV6                27     181.548    scc013ull_hd_rvt_ss_v1p08_125c_basic       0 
INHDV8                 4      37.654    scc013ull_hd_rvt_ss_v1p08_125c_basic       0 
INOR2HDV1              4      26.896    scc013ull_hd_rvt_ss_v1p08_125c_basic       0 
INOR2HDV2            911    6125.564    scc013ull_hd_rvt_ss_v1p08_125c_basic       0 
INOR2HDV4              4      43.034    scc013ull_hd_rvt_ss_v1p08_125c_basic       0 
INOR2HDVL              2      13.448    scc013ull_hd_rvt_ss_v1p08_125c_basic       0 
INOR3HDV1             28     225.926    scc013ull_hd_rvt_ss_v1p08_125c_basic       0 
INOR3HDV2             11     103.550    scc013ull_hd_rvt_ss_v1p08_125c_basic       0 
INOR4HDV1              1       9.414    scc013ull_hd_rvt_ss_v1p08_125c_basic       0 
INOR4HDV2             79     743.674    scc013ull_hd_rvt_ss_v1p08_125c_basic       0 
INOR4HDVL              2      18.827    scc013ull_hd_rvt_ss_v1p08_125c_basic       0 
IOA21HDV1            556    4486.253    scc013ull_hd_rvt_ss_v1p08_125c_basic       0 
IOA21HDV4              1      12.103    scc013ull_hd_rvt_ss_v1p08_125c_basic       0 
IOA22HDV0           8013   75431.177    scc013ull_hd_rvt_ss_v1p08_125c_basic       0 
IOA22HDV2             14     150.618    scc013ull_hd_rvt_ss_v1p08_125c_basic       0 
IOA22HDVL              1       9.414    scc013ull_hd_rvt_ss_v1p08_125c_basic       0 
MUX2HDV2               2      26.896    scc013ull_hd_rvt_ss_v1p08_125c_basic       0 
MUX2HDV4               2      32.275    scc013ull_hd_rvt_ss_v1p08_125c_basic       0 
MUX2NHDV1             14     169.445    scc013ull_hd_rvt_ss_v1p08_125c_basic       0 
NAND2HDV0             14      75.309    scc013ull_hd_rvt_ss_v1p08_125c_basic       0 
NAND2HDV1             48     258.202    scc013ull_hd_rvt_ss_v1p08_125c_basic       0 
NAND2HDV2           5434   29230.573    scc013ull_hd_rvt_ss_v1p08_125c_basic       0 
NAND2HDV4             17     160.031    scc013ull_hd_rvt_ss_v1p08_125c_basic       0 
NAND2HDV8             17     251.478    scc013ull_hd_rvt_ss_v1p08_125c_basic       0 
NAND3BBHDV2          156    1258.733    scc013ull_hd_rvt_ss_v1p08_125c_basic       0 
NAND3BBHDV4            6      72.619    scc013ull_hd_rvt_ss_v1p08_125c_basic       0 
NAND3HDV1             15     100.860    scc013ull_hd_rvt_ss_v1p08_125c_basic       0 
NAND3HDV2            411    2763.564    scc013ull_hd_rvt_ss_v1p08_125c_basic       0 
NAND3HDV3             12     112.963    scc013ull_hd_rvt_ss_v1p08_125c_basic       0 
NAND3HDV4              3      36.310    scc013ull_hd_rvt_ss_v1p08_125c_basic       0 
NAND4HDV2            186    1500.797    scc013ull_hd_rvt_ss_v1p08_125c_basic       0 
NAND4HDVL              2      16.138    scc013ull_hd_rvt_ss_v1p08_125c_basic       0 
NOR2HDV0             193    1038.186    scc013ull_hd_rvt_ss_v1p08_125c_basic       0 
NOR2HDV1             344    1850.445    scc013ull_hd_rvt_ss_v1p08_125c_basic       0 
NOR2HDV2           10455   56239.536    scc013ull_hd_rvt_ss_v1p08_125c_basic       0 
NOR2HDV3               2      16.138    scc013ull_hd_rvt_ss_v1p08_125c_basic       0 
NOR2HDV4               3      28.241    scc013ull_hd_rvt_ss_v1p08_125c_basic       0 
NOR2HDV8               4      64.550    scc013ull_hd_rvt_ss_v1p08_125c_basic       0 
NOR2HDVL              20     107.584    scc013ull_hd_rvt_ss_v1p08_125c_basic       0 
NOR3BBHDV2           166    1339.421    scc013ull_hd_rvt_ss_v1p08_125c_basic       0 
NOR3BBHDV4             2      24.206    scc013ull_hd_rvt_ss_v1p08_125c_basic       0 
NOR3BBHDVL             1       8.069    scc013ull_hd_rvt_ss_v1p08_125c_basic       0 
NOR3HDV0              48     322.752    scc013ull_hd_rvt_ss_v1p08_125c_basic       0 
NOR3HDV1               2      13.448    scc013ull_hd_rvt_ss_v1p08_125c_basic       0 
NOR3HDV2             321    2158.404    scc013ull_hd_rvt_ss_v1p08_125c_basic       0 
NOR3HDVL              72     484.128    scc013ull_hd_rvt_ss_v1p08_125c_basic       0 
NOR4HDV1             430    3469.584    scc013ull_hd_rvt_ss_v1p08_125c_basic       0 
NOR4HDVL              31     250.133    scc013ull_hd_rvt_ss_v1p08_125c_basic       0 
OA211HDV2             86     925.222    scc013ull_hd_rvt_ss_v1p08_125c_basic       0 
OA21HDV2              49     461.266    scc013ull_hd_rvt_ss_v1p08_125c_basic       0 
OA21HDV8               1      20.172    scc013ull_hd_rvt_ss_v1p08_125c_basic       0 
OA221HDV2             89    1196.872    scc013ull_hd_rvt_ss_v1p08_125c_basic       0 
OA222HDV1            103    1523.658    scc013ull_hd_rvt_ss_v1p08_125c_basic       0 
OA222HDV2              1      16.138    scc013ull_hd_rvt_ss_v1p08_125c_basic       0 
OA22HDV2             369    3969.850    scc013ull_hd_rvt_ss_v1p08_125c_basic       0 
OA31HDV1             500    4706.800    scc013ull_hd_rvt_ss_v1p08_125c_basic       0 
OA31HDVL               5      47.068    scc013ull_hd_rvt_ss_v1p08_125c_basic       0 
OA32HDV2               7      84.722    scc013ull_hd_rvt_ss_v1p08_125c_basic       0 
OA33HDV2               1      13.448    scc013ull_hd_rvt_ss_v1p08_125c_basic       0 
OAI211HDV2          2402   19381.258    scc013ull_hd_rvt_ss_v1p08_125c_basic       0 
OAI211HDV4             4      64.550    scc013ull_hd_rvt_ss_v1p08_125c_basic       0 
OAI211HDV8             1      28.241    scc013ull_hd_rvt_ss_v1p08_125c_basic       0 
OAI21BHDV2           115    1082.564    scc013ull_hd_rvt_ss_v1p08_125c_basic       0 
OAI21HDV0             14      94.136    scc013ull_hd_rvt_ss_v1p08_125c_basic       0 
OAI21HDV1            186    1250.664    scc013ull_hd_rvt_ss_v1p08_125c_basic       0 
OAI21HDV2           2425   16305.700    scc013ull_hd_rvt_ss_v1p08_125c_basic       0 
OAI21HDV4              1      12.103    scc013ull_hd_rvt_ss_v1p08_125c_basic       0 
OAI221HDV0             1      10.758    scc013ull_hd_rvt_ss_v1p08_125c_basic       0 
OAI221HDV1          1257   13523.309    scc013ull_hd_rvt_ss_v1p08_125c_basic       0 
OAI221HDV2             3      36.310    scc013ull_hd_rvt_ss_v1p08_125c_basic       0 
OAI221HDV4             2      40.344    scc013ull_hd_rvt_ss_v1p08_125c_basic       0 
OAI221HDVL             1      10.758    scc013ull_hd_rvt_ss_v1p08_125c_basic       0 
OAI222HDV1          1841   22281.991    scc013ull_hd_rvt_ss_v1p08_125c_basic       0 
OAI222HDV2             4      53.792    scc013ull_hd_rvt_ss_v1p08_125c_basic       0 
OAI22HDV0           2434   19639.459    scc013ull_hd_rvt_ss_v1p08_125c_basic       0 
OAI22HDV2              1       9.414    scc013ull_hd_rvt_ss_v1p08_125c_basic       0 
OAI22HDV8              1      29.586    scc013ull_hd_rvt_ss_v1p08_125c_basic       0 
OAI31HDV1              1       9.414    scc013ull_hd_rvt_ss_v1p08_125c_basic       0 
OAI31HDV2            489    4603.250    scc013ull_hd_rvt_ss_v1p08_125c_basic       0 
OAI32HDV0            589    5544.610    scc013ull_hd_rvt_ss_v1p08_125c_basic       0 
OAI32HDV2              3      32.275    scc013ull_hd_rvt_ss_v1p08_125c_basic       0 
OAI33HDV0            476    5120.998    scc013ull_hd_rvt_ss_v1p08_125c_basic       0 
OAI33HDV2              4      48.413    scc013ull_hd_rvt_ss_v1p08_125c_basic       0 
OAOI211HDV0           66     532.541    scc013ull_hd_rvt_ss_v1p08_125c_basic       0 
OAOI211HDV1         2554   20607.715    scc013ull_hd_rvt_ss_v1p08_125c_basic       0 
OAOI211HDV2            1       9.414    scc013ull_hd_rvt_ss_v1p08_125c_basic       0 
OR2HDV1                1       6.724    scc013ull_hd_rvt_ss_v1p08_125c_basic       0 
OR2HDV12               1      21.517    scc013ull_hd_rvt_ss_v1p08_125c_basic       0 
OR2HDV1RD              5      33.620    scc013ull_hd_rvt_ss_v1p08_125c_basic       0 
OR2HDV2              116     779.984    scc013ull_hd_rvt_ss_v1p08_125c_basic       0 
OR2HDV2RD           1228    8257.072    scc013ull_hd_rvt_ss_v1p08_125c_basic       0 
OR2HDV4               23     216.513    scc013ull_hd_rvt_ss_v1p08_125c_basic       0 
OR2HDV4RD              2      24.206    scc013ull_hd_rvt_ss_v1p08_125c_basic       0 
OR2HDV8               10     147.928    scc013ull_hd_rvt_ss_v1p08_125c_basic       0 
OR3HDV0                1       8.069    scc013ull_hd_rvt_ss_v1p08_125c_basic       0 
OR3HDV1               20     161.376    scc013ull_hd_rvt_ss_v1p08_125c_basic       0 
OR4HDV2               20     188.272    scc013ull_hd_rvt_ss_v1p08_125c_basic       0 
OR4HDVL                1       9.414    scc013ull_hd_rvt_ss_v1p08_125c_basic       0 
XNOR2CHDV2           704    7573.914    scc013ull_hd_rvt_ss_v1p08_125c_basic       0 
XNOR2CHDV4             1      16.138    scc013ull_hd_rvt_ss_v1p08_125c_basic       0 
XNOR2HDV2             24     322.752    scc013ull_hd_rvt_ss_v1p08_125c_basic       0 
XNOR2HDV4              8     129.101    scc013ull_hd_rvt_ss_v1p08_125c_basic       0 
XNOR2HDV8             14     301.235    scc013ull_hd_rvt_ss_v1p08_125c_basic       0 
XNOR3HDV2              1      26.896    scc013ull_hd_rvt_ss_v1p08_125c_basic       0 
XOR2CHDV2            253    3062.110    scc013ull_hd_rvt_ss_v1p08_125c_basic       0 
XOR2CHDV4             39     629.366    scc013ull_hd_rvt_ss_v1p08_125c_basic       0 
XOR2CHDV8              1      29.586    scc013ull_hd_rvt_ss_v1p08_125c_basic       0 
XOR2HDV2              89    1196.872    scc013ull_hd_rvt_ss_v1p08_125c_basic       0 
XOR2HDV4              50     806.880    scc013ull_hd_rvt_ss_v1p08_125c_basic       0 
XOR2HDV8              11     236.685    scc013ull_hd_rvt_ss_v1p08_125c_basic       0 
XOR3HDV2              45    1210.320    scc013ull_hd_rvt_ss_v1p08_125c_basic       0 
XOR3HDV4               9     387.302    scc013ull_hd_rvt_ss_v1p08_125c_basic       0 
-------------------------------------------------------------------------------------
total              85835  787127.578                                         


                                           
     Type      Instances    Area    Area % 
-------------------------------------------
sequential          6047 193710.371   24.6 
inverter            8915  36504.596    4.6 
buffer                 1     10.758    0.0 
logic              70872 556901.852   70.8 
physical_cells         0      0.000    0.0 
-------------------------------------------
total              85835 787127.578  100.0 

