============================================================
  Generated by:           Genus(TM) Synthesis Solution 23.10-p004_1
  Generated on:           Apr 22 2025  12:01:06 am
  Module:                 aes_top
  Operating conditions:   ss_v1p08_125c (balanced_tree)
  Operating conditions:   ff_v1p32_-40c (balanced_tree)
  Operating conditions:   tt_v1p5_25c (balanced_tree)
  Wireload mode:          enclosed
  Area mode:              timing library
============================================================

Timing
--------

   Analysis view   Clock  Period 
---------------------------------
view_ss_v1p08_125c CLK   50000.0 
                   CLK2  50000.0 
view_ff_v1p32      CLK   50000.0 
                   CLK2  50000.0 
view_tt_v1p5_25c   CLK   50000.0 
                   CLK2  50000.0 


     Analysis        Cost   Critical        Violating 
       View         Group  Path Slack  TNS    Paths   
------------------------------------------------------
view_ss_v1p08_125c     CLK        4.4  0.0          0 
                      CLK2    37702.4  0.0          0 
                   default   No paths  0.0          0 
------------------------------------------------------
Total                                 -0.0          0 
                                                      
view_ff_v1p32          CLK    33722.5  0.0          0 
                      CLK2    38443.5  0.0          0 
                   default   No paths  0.0          0 
------------------------------------------------------
Total                                 -0.0          0 
                                                      
view_tt_v1p5_25c       CLK    31867.8  0.0          0 
                      CLK2    38400.7  0.0          0 
                   default   No paths  0.0          0 
------------------------------------------------------
Total                                 -0.0          0 
                                                      

Instance Count
--------------
Leaf Instance Count             85835 
Physical Instance count             0 
Sequential Instance Count        6047 
Combinational Instance Count    79788 
Hierarchical Instance Count       509 

Area
----
Cell Area                          787127.578
Physical Cell Area                 0.000
Total Cell Area (Cell+Physical)    787127.578
Net Area                           0.000
Total Area (Cell+Physical+Net)     787127.578

Max Fanout                         5907 (clk)
Min Fanout                         0 (n_0)
Average Fanout                     3.0
Terms to net ratio                 4.0301
Terms to instance ratio            4.0245
Runtime                            593.4338619999999 seconds
Elapsed Runtime                    518 seconds
Genus peak memory usage            2918.63 
Innovus peak memory usage          no_value 
Hostname                           esidcad1.ee.eng.chula.ac.th
