============================================================
  Generated by:           Genus(TM) Synthesis Solution 23.10-p004_1
  Generated on:           Apr 22 2025  12:01:06 am
  Module:                 aes_top
  Operating conditions:   ss_v1p08_125c (balanced_tree)
  Operating conditions:   ff_v1p32_-40c (balanced_tree)
  Operating conditions:   tt_v1p5_25c (balanced_tree)
  Wireload mode:          enclosed
  Area mode:              timing library
============================================================

             Instance                 Module      Cell-Count  Cell-Area  Net-Area   Total-Area   Wireload  
-----------------------------------------------------------------------------------------------------------
aes_top                           NA                   85835 787127.578     0.000   787127.578 <none> (D)  
  aes_core_a0_u0                  sbox                   364   2547.051     0.000     2547.051 <none> (D)  
  aes_core_a0_u1                  sbox_4699              375   2573.947     0.000     2573.947 <none> (D)  
  aes_core_a0_u10                 sbox_4690              377   2631.774     0.000     2631.774 <none> (D)  
  aes_core_a0_u11                 sbox_4689              371   2616.981     0.000     2616.981 <none> (D)  
  aes_core_a0_u12                 sbox_4688              376   2603.533     0.000     2603.533 <none> (D)  
  aes_core_a0_u13                 sbox_4687              384   2704.393     0.000     2704.393 <none> (D)  
  aes_core_a0_u14                 sbox_4686              381   2641.187     0.000     2641.187 <none> (D)  
  aes_core_a0_u15                 sbox_4685              375   2621.015     0.000     2621.015 <none> (D)  
  aes_core_a0_u16                 sbox_4684              372   2577.982     0.000     2577.982 <none> (D)  
  aes_core_a0_u17                 sbox_4683              369   2608.912     0.000     2608.912 <none> (D)  
  aes_core_a0_u18                 sbox_4682              381   2619.670     0.000     2619.670 <none> (D)  
  aes_core_a0_u19                 sbox_4681              366   2627.739     0.000     2627.739 <none> (D)  
  aes_core_a0_u2                  sbox_4698              377   2603.533     0.000     2603.533 <none> (D)  
  aes_core_a0_u20                 sbox_4680              373   2618.326     0.000     2618.326 <none> (D)  
  aes_core_a0_u21                 sbox_4679              374   2602.188     0.000     2602.188 <none> (D)  
  aes_core_a0_u22                 sbox_4678              375   2582.016     0.000     2582.016 <none> (D)  
  aes_core_a0_u23                 sbox_4677              370   2602.188     0.000     2602.188 <none> (D)  
  aes_core_a0_u24                 sbox_4676              368   2598.154     0.000     2598.154 <none> (D)  
  aes_core_a0_u25                 sbox_4675              356   2549.741     0.000     2549.741 <none> (D)  
  aes_core_a0_u26                 sbox_4674              366   2576.637     0.000     2576.637 <none> (D)  
  aes_core_a0_u27                 sbox_4673              367   2599.498     0.000     2599.498 <none> (D)  
  aes_core_a0_u28                 sbox_4672              359   2551.086     0.000     2551.086 <none> (D)  
  aes_core_a0_u29                 sbox_4671              358   2575.292     0.000     2575.292 <none> (D)  
  aes_core_a0_u3                  sbox_4697              369   2553.775     0.000     2553.775 <none> (D)  
  aes_core_a0_u30                 sbox_4670              360   2564.534     0.000     2564.534 <none> (D)  
  aes_core_a0_u31                 sbox_4669              357   2538.982     0.000     2538.982 <none> (D)  
  aes_core_a0_u32                 sbox_4668              368   2568.568     0.000     2568.568 <none> (D)  
  aes_core_a0_u33                 sbox_4667              356   2522.845     0.000     2522.845 <none> (D)  
  aes_core_a0_u34                 sbox_4666              356   2536.293     0.000     2536.293 <none> (D)  
  aes_core_a0_u35                 sbox_4665              361   2571.258     0.000     2571.258 <none> (D)  
  aes_core_a0_u36                 sbox_4664              357   2512.086     0.000     2512.086 <none> (D)  
  aes_core_a0_u37                 sbox_4663              358   2548.396     0.000     2548.396 <none> (D)  
  aes_core_a0_u38                 sbox_4662              350   2513.431     0.000     2513.431 <none> (D)  
  aes_core_a0_u39                 sbox_4661              354   2505.362     0.000     2505.362 <none> (D)  
  aes_core_a0_u4                  sbox_4696              384   2642.532     0.000     2642.532 <none> (D)  
  aes_core_a0_u5                  sbox_4695              381   2670.773     0.000     2670.773 <none> (D)  
  aes_core_a0_u6                  sbox_4694              380   2618.326     0.000     2618.326 <none> (D)  
  aes_core_a0_u7                  sbox_4693              380   2646.566     0.000     2646.566 <none> (D)  
  aes_core_a0_u8                  sbox_4692              374   2639.842     0.000     2639.842 <none> (D)  
  aes_core_a0_u9                  sbox_4691              379   2685.566     0.000     2685.566 <none> (D)  
  aes_core_r0_a1                  subbytes              5648  43550.003     0.000    43550.003 <none> (D)  
    q0                            sbox_4660              345   2463.674     0.000     2463.674 <none> (D)  
    q1                            sbox_4659              345   2463.674     0.000     2463.674 <none> (D)  
    q10                           sbox_4650              345   2463.674     0.000     2463.674 <none> (D)  
    q11                           sbox_4649              345   2463.674     0.000     2463.674 <none> (D)  
    q12                           sbox_4648              345   2463.674     0.000     2463.674 <none> (D)  
    q13                           sbox_4647              345   2463.674     0.000     2463.674 <none> (D)  
    q14                           sbox_4646              345   2463.674     0.000     2463.674 <none> (D)  
    q15                           sbox_4645              345   2463.674     0.000     2463.674 <none> (D)  
    q2                            sbox_4658              345   2463.674     0.000     2463.674 <none> (D)  
    q3                            sbox_4657              345   2463.674     0.000     2463.674 <none> (D)  
    q4                            sbox_4656              345   2463.674     0.000     2463.674 <none> (D)  
    q5                            sbox_4655              345   2463.674     0.000     2463.674 <none> (D)  
    q6                            sbox_4654              345   2463.674     0.000     2463.674 <none> (D)  
    q7                            sbox_4653              345   2463.674     0.000     2463.674 <none> (D)  
    q8                            sbox_4652              345   2463.674     0.000     2463.674 <none> (D)  
    q9                            sbox_4651              345   2463.674     0.000     2463.674 <none> (D)  
  aes_core_r0_a2                  shiftrows              128   4131.226     0.000     4131.226 <none> (D)  
  aes_core_r0_a3_m1_genblk1.m1    mul_2_4500              12    290.477     0.000      290.477 <none> (D)  
  aes_core_r0_a3_m1_genblk1.m2    mul_2_4499              12    290.477     0.000      290.477 <none> (D)  
  aes_core_r0_a3_m1_genblk1.m3    mul_2_4498              12    290.477     0.000      290.477 <none> (D)  
  aes_core_r0_a3_m1_genblk1.m4    mul_2_4497              12    290.477     0.000      290.477 <none> (D)  
  aes_core_r0_a3_m1_genblk1.m5_m1 mul_2                   12    290.477     0.000      290.477 <none> (D)  
  aes_core_r0_a3_m1_genblk1.m6_m1 mul_2_4496              12    290.477     0.000      290.477 <none> (D)  
  aes_core_r0_a3_m1_genblk1.m7_m1 mul_2_4495              12    290.477     0.000      290.477 <none> (D)  
  aes_core_r0_a3_m1_genblk1.m8_m1 mul_2_4494              12    290.477     0.000      290.477 <none> (D)  
  aes_core_r0_a3_m2_genblk1.m1    mul_2_4493              12    290.477     0.000      290.477 <none> (D)  
  aes_core_r0_a3_m2_genblk1.m2    mul_2_4492              12    290.477     0.000      290.477 <none> (D)  
  aes_core_r0_a3_m2_genblk1.m3    mul_2_4491              12    290.477     0.000      290.477 <none> (D)  
  aes_core_r0_a3_m2_genblk1.m4    mul_2_4490              12    290.477     0.000      290.477 <none> (D)  
  aes_core_r0_a3_m2_genblk1.m5_m1 mul_2_4489              12    290.477     0.000      290.477 <none> (D)  
  aes_core_r0_a3_m2_genblk1.m6_m1 mul_2_4488              12    290.477     0.000      290.477 <none> (D)  
  aes_core_r0_a3_m2_genblk1.m7_m1 mul_2_4487              12    290.477     0.000      290.477 <none> (D)  
  aes_core_r0_a3_m2_genblk1.m8_m1 mul_2_4486              12    290.477     0.000      290.477 <none> (D)  
  aes_core_r0_a3_m3_genblk1.m1    mul_2_4485              12    290.477     0.000      290.477 <none> (D)  
  aes_core_r0_a3_m3_genblk1.m2    mul_2_4484              12    290.477     0.000      290.477 <none> (D)  
  aes_core_r0_a3_m3_genblk1.m3    mul_2_4483              12    290.477     0.000      290.477 <none> (D)  
  aes_core_r0_a3_m3_genblk1.m4    mul_2_4482              12    290.477     0.000      290.477 <none> (D)  
  aes_core_r0_a3_m3_genblk1.m5_m1 mul_2_4481              12    290.477     0.000      290.477 <none> (D)  
  aes_core_r0_a3_m3_genblk1.m6_m1 mul_2_4480              12    290.477     0.000      290.477 <none> (D)  
  aes_core_r0_a3_m3_genblk1.m7_m1 mul_2_4479              12    290.477     0.000      290.477 <none> (D)  
  aes_core_r0_a3_m3_genblk1.m8_m1 mul_2_4478              12    290.477     0.000      290.477 <none> (D)  
  aes_core_r0_a3_m4_genblk1.m1    mul_2_4477              12    290.477     0.000      290.477 <none> (D)  
  aes_core_r0_a3_m4_genblk1.m2    mul_2_4476              12    290.477     0.000      290.477 <none> (D)  
  aes_core_r0_a3_m4_genblk1.m3    mul_2_4475              12    290.477     0.000      290.477 <none> (D)  
  aes_core_r0_a3_m4_genblk1.m4    mul_2_4474              12    290.477     0.000      290.477 <none> (D)  
  aes_core_r0_a3_m4_genblk1.m5_m1 mul_2_4473              12    290.477     0.000      290.477 <none> (D)  
  aes_core_r0_a3_m4_genblk1.m6_m1 mul_2_4472              12    290.477     0.000      290.477 <none> (D)  
  aes_core_r0_a3_m4_genblk1.m7_m1 mul_2_4471              12    290.477     0.000      290.477 <none> (D)  
  aes_core_r0_a3_m4_genblk1.m8_m1 mul_2_4470              12    290.477     0.000      290.477 <none> (D)  
  aes_core_r1_a1                  subbytes_4716         5650  43555.382     0.000    43555.382 <none> (D)  
    q0                            sbox_4628              345   2463.674     0.000     2463.674 <none> (D)  
    q1                            sbox_4627              345   2463.674     0.000     2463.674 <none> (D)  
    q10                           sbox_4618              345   2465.018     0.000     2465.018 <none> (D)  
    q11                           sbox_4617              345   2465.018     0.000     2465.018 <none> (D)  
    q12                           sbox_4616              345   2463.674     0.000     2463.674 <none> (D)  
    q13                           sbox_4615              345   2463.674     0.000     2463.674 <none> (D)  
    q14                           sbox_4614              345   2463.674     0.000     2463.674 <none> (D)  
    q15                           sbox_4613              345   2463.674     0.000     2463.674 <none> (D)  
    q2                            sbox_4626              345   2463.674     0.000     2463.674 <none> (D)  
    q3                            sbox_4625              345   2463.674     0.000     2463.674 <none> (D)  
    q4                            sbox_4624              346   2463.674     0.000     2463.674 <none> (D)  
    q5                            sbox_4623              345   2463.674     0.000     2463.674 <none> (D)  
    q6                            sbox_4622              346   2463.674     0.000     2463.674 <none> (D)  
    q7                            sbox_4621              345   2463.674     0.000     2463.674 <none> (D)  
    q8                            sbox_4620              345   2465.018     0.000     2465.018 <none> (D)  
    q9                            sbox_4619              345   2465.018     0.000     2465.018 <none> (D)  
  aes_core_r1_a2                  shiftrows_4707         128   4131.226     0.000     4131.226 <none> (D)  
  aes_core_r1_a3_m1_genblk1.m1    mul_2_4469              12    290.477     0.000      290.477 <none> (D)  
  aes_core_r1_a3_m1_genblk1.m2    mul_2_4468              12    290.477     0.000      290.477 <none> (D)  
  aes_core_r1_a3_m1_genblk1.m3    mul_2_4467              12    290.477     0.000      290.477 <none> (D)  
  aes_core_r1_a3_m1_genblk1.m4    mul_2_4466              12    290.477     0.000      290.477 <none> (D)  
  aes_core_r1_a3_m1_genblk1.m5_m1 mul_2_4465              12    290.477     0.000      290.477 <none> (D)  
  aes_core_r1_a3_m1_genblk1.m6_m1 mul_2_4464              12    290.477     0.000      290.477 <none> (D)  
  aes_core_r1_a3_m1_genblk1.m7_m1 mul_2_4463              12    290.477     0.000      290.477 <none> (D)  
  aes_core_r1_a3_m1_genblk1.m8_m1 mul_2_4462              12    290.477     0.000      290.477 <none> (D)  
  aes_core_r1_a3_m2_genblk1.m1    mul_2_4461              12    290.477     0.000      290.477 <none> (D)  
  aes_core_r1_a3_m2_genblk1.m2    mul_2_4460              12    290.477     0.000      290.477 <none> (D)  
  aes_core_r1_a3_m2_genblk1.m3    mul_2_4459              12    290.477     0.000      290.477 <none> (D)  
  aes_core_r1_a3_m2_genblk1.m4    mul_2_4458              12    290.477     0.000      290.477 <none> (D)  
  aes_core_r1_a3_m2_genblk1.m5_m1 mul_2_4457              12    290.477     0.000      290.477 <none> (D)  
  aes_core_r1_a3_m2_genblk1.m6_m1 mul_2_4456              12    290.477     0.000      290.477 <none> (D)  
  aes_core_r1_a3_m2_genblk1.m7_m1 mul_2_4455              12    290.477     0.000      290.477 <none> (D)  
  aes_core_r1_a3_m2_genblk1.m8_m1 mul_2_4454              12    290.477     0.000      290.477 <none> (D)  
  aes_core_r1_a3_m3_genblk1.m1    mul_2_4453              12    290.477     0.000      290.477 <none> (D)  
  aes_core_r1_a3_m3_genblk1.m2    mul_2_4452              12    290.477     0.000      290.477 <none> (D)  
  aes_core_r1_a3_m3_genblk1.m3    mul_2_4451              12    290.477     0.000      290.477 <none> (D)  
  aes_core_r1_a3_m3_genblk1.m4    mul_2_4450              12    290.477     0.000      290.477 <none> (D)  
  aes_core_r1_a3_m3_genblk1.m5_m1 mul_2_4449              12    290.477     0.000      290.477 <none> (D)  
  aes_core_r1_a3_m3_genblk1.m6_m1 mul_2_4448              12    290.477     0.000      290.477 <none> (D)  
  aes_core_r1_a3_m3_genblk1.m7_m1 mul_2_4447              12    290.477     0.000      290.477 <none> (D)  
  aes_core_r1_a3_m3_genblk1.m8_m1 mul_2_4446              12    290.477     0.000      290.477 <none> (D)  
  aes_core_r1_a3_m4_genblk1.m1    mul_2_4445              12    290.477     0.000      290.477 <none> (D)  
  aes_core_r1_a3_m4_genblk1.m2    mul_2_4444              12    290.477     0.000      290.477 <none> (D)  
  aes_core_r1_a3_m4_genblk1.m3    mul_2_4443              12    290.477     0.000      290.477 <none> (D)  
  aes_core_r1_a3_m4_genblk1.m4    mul_2_4442              12    290.477     0.000      290.477 <none> (D)  
  aes_core_r1_a3_m4_genblk1.m5_m1 mul_2_4441              12    290.477     0.000      290.477 <none> (D)  
  aes_core_r1_a3_m4_genblk1.m6_m1 mul_2_4440              12    290.477     0.000      290.477 <none> (D)  
  aes_core_r1_a3_m4_genblk1.m7_m1 mul_2_4439              12    290.477     0.000      290.477 <none> (D)  
  aes_core_r1_a3_m4_genblk1.m8_m1 mul_2_4438              12    290.477     0.000      290.477 <none> (D)  
  aes_core_r2_a1                  subbytes_4715         5725  43629.346     0.000    43629.346 <none> (D)  
    q0                            sbox_4612              350   2466.363     0.000     2466.363 <none> (D)  
    q1                            sbox_4611              350   2466.363     0.000     2466.363 <none> (D)  
    q10                           sbox_4602              349   2478.466     0.000     2478.466 <none> (D)  
    q11                           sbox_4601              350   2466.363     0.000     2466.363 <none> (D)  
    q12                           sbox_4600              350   2466.363     0.000     2466.363 <none> (D)  
    q13                           sbox_4599              350   2466.363     0.000     2466.363 <none> (D)  
    q14                           sbox_4598              350   2466.363     0.000     2466.363 <none> (D)  
    q15                           sbox_4597              350   2466.363     0.000     2466.363 <none> (D)  
    q2                            sbox_4610              349   2478.466     0.000     2478.466 <none> (D)  
    q3                            sbox_4609              350   2466.363     0.000     2466.363 <none> (D)  
    q4                            sbox_4608              350   2466.363     0.000     2466.363 <none> (D)  
    q5                            sbox_4607              350   2466.363     0.000     2466.363 <none> (D)  
    q6                            sbox_4606              350   2466.363     0.000     2466.363 <none> (D)  
    q7                            sbox_4605              350   2466.363     0.000     2466.363 <none> (D)  
    q8                            sbox_4604              349   2478.466     0.000     2478.466 <none> (D)  
    q9                            sbox_4603              350   2466.363     0.000     2466.363 <none> (D)  
  aes_core_r2_a2                  shiftrows_4706         128   4131.226     0.000     4131.226 <none> (D)  
  aes_core_r2_a3_m1_genblk1.m1    mul_2_4437              12    290.477     0.000      290.477 <none> (D)  
  aes_core_r2_a3_m1_genblk1.m2    mul_2_4436              12    290.477     0.000      290.477 <none> (D)  
  aes_core_r2_a3_m1_genblk1.m3    mul_2_4435              12    290.477     0.000      290.477 <none> (D)  
  aes_core_r2_a3_m1_genblk1.m4    mul_2_4434              12    290.477     0.000      290.477 <none> (D)  
  aes_core_r2_a3_m1_genblk1.m5_m1 mul_2_4433              12    290.477     0.000      290.477 <none> (D)  
  aes_core_r2_a3_m1_genblk1.m6_m1 mul_2_4432              12    290.477     0.000      290.477 <none> (D)  
  aes_core_r2_a3_m1_genblk1.m7_m1 mul_2_4431              12    290.477     0.000      290.477 <none> (D)  
  aes_core_r2_a3_m1_genblk1.m8_m1 mul_2_4430              12    290.477     0.000      290.477 <none> (D)  
  aes_core_r2_a3_m2_genblk1.m1    mul_2_4429              12    290.477     0.000      290.477 <none> (D)  
  aes_core_r2_a3_m2_genblk1.m2    mul_2_4428              12    290.477     0.000      290.477 <none> (D)  
  aes_core_r2_a3_m2_genblk1.m3    mul_2_4427              12    290.477     0.000      290.477 <none> (D)  
  aes_core_r2_a3_m2_genblk1.m4    mul_2_4426              12    290.477     0.000      290.477 <none> (D)  
  aes_core_r2_a3_m2_genblk1.m5_m1 mul_2_4425              12    290.477     0.000      290.477 <none> (D)  
  aes_core_r2_a3_m2_genblk1.m6_m1 mul_2_4424              12    290.477     0.000      290.477 <none> (D)  
  aes_core_r2_a3_m2_genblk1.m7_m1 mul_2_4423              12    290.477     0.000      290.477 <none> (D)  
  aes_core_r2_a3_m2_genblk1.m8_m1 mul_2_4422              12    290.477     0.000      290.477 <none> (D)  
  aes_core_r2_a3_m3_genblk1.m1    mul_2_4421              12    290.477     0.000      290.477 <none> (D)  
  aes_core_r2_a3_m3_genblk1.m2    mul_2_4420              12    290.477     0.000      290.477 <none> (D)  
  aes_core_r2_a3_m3_genblk1.m3    mul_2_4419              12    290.477     0.000      290.477 <none> (D)  
  aes_core_r2_a3_m3_genblk1.m4    mul_2_4418              12    290.477     0.000      290.477 <none> (D)  
  aes_core_r2_a3_m3_genblk1.m5_m1 mul_2_4417              12    290.477     0.000      290.477 <none> (D)  
  aes_core_r2_a3_m3_genblk1.m6_m1 mul_2_4416              12    290.477     0.000      290.477 <none> (D)  
  aes_core_r2_a3_m3_genblk1.m7_m1 mul_2_4415              12    290.477     0.000      290.477 <none> (D)  
  aes_core_r2_a3_m3_genblk1.m8_m1 mul_2_4414              12    290.477     0.000      290.477 <none> (D)  
  aes_core_r2_a3_m4_genblk1.m1    mul_2_4413              12    290.477     0.000      290.477 <none> (D)  
  aes_core_r2_a3_m4_genblk1.m2    mul_2_4412              12    290.477     0.000      290.477 <none> (D)  
  aes_core_r2_a3_m4_genblk1.m3    mul_2_4411              12    290.477     0.000      290.477 <none> (D)  
  aes_core_r2_a3_m4_genblk1.m4    mul_2_4410              12    290.477     0.000      290.477 <none> (D)  
  aes_core_r2_a3_m4_genblk1.m5_m1 mul_2_4409              12    290.477     0.000      290.477 <none> (D)  
  aes_core_r2_a3_m4_genblk1.m6_m1 mul_2_4408              12    290.477     0.000      290.477 <none> (D)  
  aes_core_r2_a3_m4_genblk1.m7_m1 mul_2_4407              12    290.477     0.000      290.477 <none> (D)  
  aes_core_r2_a3_m4_genblk1.m8_m1 mul_2_4406              12    290.477     0.000      290.477 <none> (D)  
  aes_core_r3_a1                  subbytes_4714         5637  43649.518     0.000    43649.518 <none> (D)  
    q0                            sbox_4596              343   2481.156     0.000     2481.156 <none> (D)  
    q1                            sbox_4595              346   2467.708     0.000     2467.708 <none> (D)  
    q10                           sbox_4586              346   2467.708     0.000     2467.708 <none> (D)  
    q11                           sbox_4585              344   2473.087     0.000     2473.087 <none> (D)  
    q12                           sbox_4584              344   2471.742     0.000     2471.742 <none> (D)  
    q13                           sbox_4583              343   2466.363     0.000     2466.363 <none> (D)  
    q14                           sbox_4582              343   2466.363     0.000     2466.363 <none> (D)  
    q15                           sbox_4581              343   2466.363     0.000     2466.363 <none> (D)  
    q2                            sbox_4594              346   2467.708     0.000     2467.708 <none> (D)  
    q3                            sbox_4593              343   2481.156     0.000     2481.156 <none> (D)  
    q4                            sbox_4592              343   2466.363     0.000     2466.363 <none> (D)  
    q5                            sbox_4591              346   2467.708     0.000     2467.708 <none> (D)  
    q6                            sbox_4590              343   2466.363     0.000     2466.363 <none> (D)  
    q7                            sbox_4589              346   2467.708     0.000     2467.708 <none> (D)  
    q8                            sbox_4588              344   2473.087     0.000     2473.087 <none> (D)  
    q9                            sbox_4587              346   2467.708     0.000     2467.708 <none> (D)  
  aes_core_r3_a2                  shiftrows_4705         128   4131.226     0.000     4131.226 <none> (D)  
  aes_core_r3_a3_m1_genblk1.m1    mul_2_4405              12    290.477     0.000      290.477 <none> (D)  
  aes_core_r3_a3_m1_genblk1.m2    mul_2_4404              12    290.477     0.000      290.477 <none> (D)  
  aes_core_r3_a3_m1_genblk1.m3    mul_2_4403              12    290.477     0.000      290.477 <none> (D)  
  aes_core_r3_a3_m1_genblk1.m4    mul_2_4402              12    290.477     0.000      290.477 <none> (D)  
  aes_core_r3_a3_m1_genblk1.m5_m1 mul_2_4401              12    290.477     0.000      290.477 <none> (D)  
  aes_core_r3_a3_m1_genblk1.m6_m1 mul_2_4400              12    290.477     0.000      290.477 <none> (D)  
  aes_core_r3_a3_m1_genblk1.m7_m1 mul_2_4399              12    290.477     0.000      290.477 <none> (D)  
  aes_core_r3_a3_m1_genblk1.m8_m1 mul_2_4398              12    290.477     0.000      290.477 <none> (D)  
  aes_core_r3_a3_m2_genblk1.m1    mul_2_4397              12    290.477     0.000      290.477 <none> (D)  
  aes_core_r3_a3_m2_genblk1.m2    mul_2_4396              12    290.477     0.000      290.477 <none> (D)  
  aes_core_r3_a3_m2_genblk1.m3    mul_2_4395              12    290.477     0.000      290.477 <none> (D)  
  aes_core_r3_a3_m2_genblk1.m4    mul_2_4394              12    290.477     0.000      290.477 <none> (D)  
  aes_core_r3_a3_m2_genblk1.m5_m1 mul_2_4393              12    290.477     0.000      290.477 <none> (D)  
  aes_core_r3_a3_m2_genblk1.m6_m1 mul_2_4392              12    290.477     0.000      290.477 <none> (D)  
  aes_core_r3_a3_m2_genblk1.m7_m1 mul_2_4391              12    290.477     0.000      290.477 <none> (D)  
  aes_core_r3_a3_m2_genblk1.m8_m1 mul_2_4390              12    290.477     0.000      290.477 <none> (D)  
  aes_core_r3_a3_m3_genblk1.m1    mul_2_4389              12    290.477     0.000      290.477 <none> (D)  
  aes_core_r3_a3_m3_genblk1.m2    mul_2_4388              12    290.477     0.000      290.477 <none> (D)  
  aes_core_r3_a3_m3_genblk1.m3    mul_2_4387              12    290.477     0.000      290.477 <none> (D)  
  aes_core_r3_a3_m3_genblk1.m4    mul_2_4386              12    290.477     0.000      290.477 <none> (D)  
  aes_core_r3_a3_m3_genblk1.m5_m1 mul_2_4385              12    290.477     0.000      290.477 <none> (D)  
  aes_core_r3_a3_m3_genblk1.m6_m1 mul_2_4384              12    290.477     0.000      290.477 <none> (D)  
  aes_core_r3_a3_m3_genblk1.m7_m1 mul_2_4383              12    290.477     0.000      290.477 <none> (D)  
  aes_core_r3_a3_m3_genblk1.m8_m1 mul_2_4382              12    290.477     0.000      290.477 <none> (D)  
  aes_core_r3_a3_m4_genblk1.m1    mul_2_4381              12    290.477     0.000      290.477 <none> (D)  
  aes_core_r3_a3_m4_genblk1.m2    mul_2_4380              12    290.477     0.000      290.477 <none> (D)  
  aes_core_r3_a3_m4_genblk1.m3    mul_2_4379              12    290.477     0.000      290.477 <none> (D)  
  aes_core_r3_a3_m4_genblk1.m4    mul_2_4378              12    290.477     0.000      290.477 <none> (D)  
  aes_core_r3_a3_m4_genblk1.m5_m1 mul_2_4377              12    290.477     0.000      290.477 <none> (D)  
  aes_core_r3_a3_m4_genblk1.m6_m1 mul_2_4376              12    290.477     0.000      290.477 <none> (D)  
  aes_core_r3_a3_m4_genblk1.m7_m1 mul_2_4375              12    290.477     0.000      290.477 <none> (D)  
  aes_core_r3_a3_m4_genblk1.m8_m1 mul_2_4374              12    290.477     0.000      290.477 <none> (D)  
  aes_core_r4_a1                  subbytes_4713         5658  43605.140     0.000    43605.140 <none> (D)  
    q0                            sbox_4580              346   2467.708     0.000     2467.708 <none> (D)  
    q1                            sbox_4579              346   2467.708     0.000     2467.708 <none> (D)  
    q10                           sbox_4570              346   2467.708     0.000     2467.708 <none> (D)  
    q11                           sbox_4569              346   2467.708     0.000     2467.708 <none> (D)  
    q12                           sbox_4568              345   2465.018     0.000     2465.018 <none> (D)  
    q13                           sbox_4567              345   2465.018     0.000     2465.018 <none> (D)  
    q14                           sbox_4566              343   2466.363     0.000     2466.363 <none> (D)  
    q15                           sbox_4565              345   2465.018     0.000     2465.018 <none> (D)  
    q2                            sbox_4578              346   2467.708     0.000     2467.708 <none> (D)  
    q3                            sbox_4577              346   2467.708     0.000     2467.708 <none> (D)  
    q4                            sbox_4576              346   2467.708     0.000     2467.708 <none> (D)  
    q5                            sbox_4575              346   2467.708     0.000     2467.708 <none> (D)  
    q6                            sbox_4574              346   2467.708     0.000     2467.708 <none> (D)  
    q7                            sbox_4573              346   2467.708     0.000     2467.708 <none> (D)  
    q8                            sbox_4572              346   2467.708     0.000     2467.708 <none> (D)  
    q9                            sbox_4571              346   2467.708     0.000     2467.708 <none> (D)  
  aes_core_r4_a2                  shiftrows_4704         128   4131.226     0.000     4131.226 <none> (D)  
  aes_core_r4_a3_m1_genblk1.m1    mul_2_4373              12    290.477     0.000      290.477 <none> (D)  
  aes_core_r4_a3_m1_genblk1.m2    mul_2_4372              12    290.477     0.000      290.477 <none> (D)  
  aes_core_r4_a3_m1_genblk1.m3    mul_2_4371              12    290.477     0.000      290.477 <none> (D)  
  aes_core_r4_a3_m1_genblk1.m4    mul_2_4370              12    290.477     0.000      290.477 <none> (D)  
  aes_core_r4_a3_m1_genblk1.m5_m1 mul_2_4369              12    290.477     0.000      290.477 <none> (D)  
  aes_core_r4_a3_m1_genblk1.m6_m1 mul_2_4368              12    290.477     0.000      290.477 <none> (D)  
  aes_core_r4_a3_m1_genblk1.m7_m1 mul_2_4367              12    290.477     0.000      290.477 <none> (D)  
  aes_core_r4_a3_m1_genblk1.m8_m1 mul_2_4366              12    290.477     0.000      290.477 <none> (D)  
  aes_core_r4_a3_m2_genblk1.m1    mul_2_4365              12    290.477     0.000      290.477 <none> (D)  
  aes_core_r4_a3_m2_genblk1.m2    mul_2_4364              12    290.477     0.000      290.477 <none> (D)  
  aes_core_r4_a3_m2_genblk1.m3    mul_2_4363              12    290.477     0.000      290.477 <none> (D)  
  aes_core_r4_a3_m2_genblk1.m4    mul_2_4362              12    290.477     0.000      290.477 <none> (D)  
  aes_core_r4_a3_m2_genblk1.m5_m1 mul_2_4361              12    290.477     0.000      290.477 <none> (D)  
  aes_core_r4_a3_m2_genblk1.m6_m1 mul_2_4360              12    290.477     0.000      290.477 <none> (D)  
  aes_core_r4_a3_m2_genblk1.m7_m1 mul_2_4359              12    290.477     0.000      290.477 <none> (D)  
  aes_core_r4_a3_m2_genblk1.m8_m1 mul_2_4358              12    290.477     0.000      290.477 <none> (D)  
  aes_core_r4_a3_m3_genblk1.m1    mul_2_4357              12    290.477     0.000      290.477 <none> (D)  
  aes_core_r4_a3_m3_genblk1.m2    mul_2_4356              12    290.477     0.000      290.477 <none> (D)  
  aes_core_r4_a3_m3_genblk1.m3    mul_2_4355              12    290.477     0.000      290.477 <none> (D)  
  aes_core_r4_a3_m3_genblk1.m4    mul_2_4354              12    290.477     0.000      290.477 <none> (D)  
  aes_core_r4_a3_m3_genblk1.m5_m1 mul_2_4353              12    290.477     0.000      290.477 <none> (D)  
  aes_core_r4_a3_m3_genblk1.m6_m1 mul_2_4352              12    290.477     0.000      290.477 <none> (D)  
  aes_core_r4_a3_m3_genblk1.m7_m1 mul_2_4351              12    290.477     0.000      290.477 <none> (D)  
  aes_core_r4_a3_m3_genblk1.m8_m1 mul_2_4350              12    290.477     0.000      290.477 <none> (D)  
  aes_core_r4_a3_m4_genblk1.m1    mul_2_4349              12    290.477     0.000      290.477 <none> (D)  
  aes_core_r4_a3_m4_genblk1.m2    mul_2_4348              12    290.477     0.000      290.477 <none> (D)  
  aes_core_r4_a3_m4_genblk1.m3    mul_2_4347              12    290.477     0.000      290.477 <none> (D)  
  aes_core_r4_a3_m4_genblk1.m4    mul_2_4346              12    290.477     0.000      290.477 <none> (D)  
  aes_core_r4_a3_m4_genblk1.m5_m1 mul_2_4345              12    290.477     0.000      290.477 <none> (D)  
  aes_core_r4_a3_m4_genblk1.m6_m1 mul_2_4344              12    290.477     0.000      290.477 <none> (D)  
  aes_core_r4_a3_m4_genblk1.m7_m1 mul_2_4343              12    290.477     0.000      290.477 <none> (D)  
  aes_core_r4_a3_m4_genblk1.m8_m1 mul_2_4342              12    290.477     0.000      290.477 <none> (D)  
  aes_core_r5_a1                  subbytes_4712         5683  43930.582     0.000    43930.582 <none> (D)  
    q0                            sbox_4564              348   2491.914     0.000     2491.914 <none> (D)  
    q1                            sbox_4563              347   2491.914     0.000     2491.914 <none> (D)  
    q10                           sbox_4554              348   2491.914     0.000     2491.914 <none> (D)  
    q11                           sbox_4553              348   2491.914     0.000     2491.914 <none> (D)  
    q12                           sbox_4552              344   2469.053     0.000     2469.053 <none> (D)  
    q13                           sbox_4551              348   2489.225     0.000     2489.225 <none> (D)  
    q14                           sbox_4550              348   2489.225     0.000     2489.225 <none> (D)  
    q15                           sbox_4549              346   2482.501     0.000     2482.501 <none> (D)  
    q2                            sbox_4562              348   2491.914     0.000     2491.914 <none> (D)  
    q3                            sbox_4561              348   2491.914     0.000     2491.914 <none> (D)  
    q4                            sbox_4560              348   2491.914     0.000     2491.914 <none> (D)  
    q5                            sbox_4559              347   2491.914     0.000     2491.914 <none> (D)  
    q6                            sbox_4558              348   2491.914     0.000     2491.914 <none> (D)  
    q7                            sbox_4557              348   2491.914     0.000     2491.914 <none> (D)  
    q8                            sbox_4556              344   2458.294     0.000     2458.294 <none> (D)  
    q9                            sbox_4555              347   2491.914     0.000     2491.914 <none> (D)  
  aes_core_r5_a2                  shiftrows_4703         128   4131.226     0.000     4131.226 <none> (D)  
  aes_core_r5_a3_m1_genblk1.m1    mul_2_4341              12    290.477     0.000      290.477 <none> (D)  
  aes_core_r5_a3_m1_genblk1.m2    mul_2_4340              12    290.477     0.000      290.477 <none> (D)  
  aes_core_r5_a3_m1_genblk1.m3    mul_2_4339              12    290.477     0.000      290.477 <none> (D)  
  aes_core_r5_a3_m1_genblk1.m4    mul_2_4338              12    290.477     0.000      290.477 <none> (D)  
  aes_core_r5_a3_m1_genblk1.m5_m1 mul_2_4337              12    290.477     0.000      290.477 <none> (D)  
  aes_core_r5_a3_m1_genblk1.m6_m1 mul_2_4336              12    290.477     0.000      290.477 <none> (D)  
  aes_core_r5_a3_m1_genblk1.m7_m1 mul_2_4335              12    290.477     0.000      290.477 <none> (D)  
  aes_core_r5_a3_m1_genblk1.m8_m1 mul_2_4334              12    290.477     0.000      290.477 <none> (D)  
  aes_core_r5_a3_m2_genblk1.m1    mul_2_4333              12    290.477     0.000      290.477 <none> (D)  
  aes_core_r5_a3_m2_genblk1.m2    mul_2_4332              12    290.477     0.000      290.477 <none> (D)  
  aes_core_r5_a3_m2_genblk1.m3    mul_2_4331              12    290.477     0.000      290.477 <none> (D)  
  aes_core_r5_a3_m2_genblk1.m4    mul_2_4330              12    290.477     0.000      290.477 <none> (D)  
  aes_core_r5_a3_m2_genblk1.m5_m1 mul_2_4329              12    290.477     0.000      290.477 <none> (D)  
  aes_core_r5_a3_m2_genblk1.m6_m1 mul_2_4328              12    290.477     0.000      290.477 <none> (D)  
  aes_core_r5_a3_m2_genblk1.m7_m1 mul_2_4327              12    290.477     0.000      290.477 <none> (D)  
  aes_core_r5_a3_m2_genblk1.m8_m1 mul_2_4326              12    290.477     0.000      290.477 <none> (D)  
  aes_core_r5_a3_m3_genblk1.m1    mul_2_4325              12    290.477     0.000      290.477 <none> (D)  
  aes_core_r5_a3_m3_genblk1.m2    mul_2_4324              12    290.477     0.000      290.477 <none> (D)  
  aes_core_r5_a3_m3_genblk1.m3    mul_2_4323              12    290.477     0.000      290.477 <none> (D)  
  aes_core_r5_a3_m3_genblk1.m4    mul_2_4322              12    290.477     0.000      290.477 <none> (D)  
  aes_core_r5_a3_m3_genblk1.m5_m1 mul_2_4321              12    290.477     0.000      290.477 <none> (D)  
  aes_core_r5_a3_m3_genblk1.m6_m1 mul_2_4320              12    290.477     0.000      290.477 <none> (D)  
  aes_core_r5_a3_m3_genblk1.m7_m1 mul_2_4319              12    290.477     0.000      290.477 <none> (D)  
  aes_core_r5_a3_m3_genblk1.m8_m1 mul_2_4318              12    290.477     0.000      290.477 <none> (D)  
  aes_core_r5_a3_m4_genblk1.m1    mul_2_4317              12    290.477     0.000      290.477 <none> (D)  
  aes_core_r5_a3_m4_genblk1.m2    mul_2_4316              12    290.477     0.000      290.477 <none> (D)  
  aes_core_r5_a3_m4_genblk1.m3    mul_2_4315              12    290.477     0.000      290.477 <none> (D)  
  aes_core_r5_a3_m4_genblk1.m4    mul_2_4314              12    290.477     0.000      290.477 <none> (D)  
  aes_core_r5_a3_m4_genblk1.m5_m1 mul_2_4313              12    290.477     0.000      290.477 <none> (D)  
  aes_core_r5_a3_m4_genblk1.m6_m1 mul_2_4312              12    290.477     0.000      290.477 <none> (D)  
  aes_core_r5_a3_m4_genblk1.m7_m1 mul_2_4311              12    290.477     0.000      290.477 <none> (D)  
  aes_core_r5_a3_m4_genblk1.m8_m1 mul_2_4310              12    290.477     0.000      290.477 <none> (D)  
  aes_core_r6_a1                  subbytes_4711         5648  43692.552     0.000    43692.552 <none> (D)  
    q0                            sbox_4548              345   2473.087     0.000     2473.087 <none> (D)  
    q1                            sbox_4547              345   2473.087     0.000     2473.087 <none> (D)  
    q10                           sbox_4538              345   2473.087     0.000     2473.087 <none> (D)  
    q11                           sbox_4537              345   2473.087     0.000     2473.087 <none> (D)  
    q12                           sbox_4536              345   2473.087     0.000     2473.087 <none> (D)  
    q13                           sbox_4535              345   2473.087     0.000     2473.087 <none> (D)  
    q14                           sbox_4534              345   2473.087     0.000     2473.087 <none> (D)  
    q15                           sbox_4533              345   2473.087     0.000     2473.087 <none> (D)  
    q2                            sbox_4546              345   2473.087     0.000     2473.087 <none> (D)  
    q3                            sbox_4545              345   2473.087     0.000     2473.087 <none> (D)  
    q4                            sbox_4544              345   2473.087     0.000     2473.087 <none> (D)  
    q5                            sbox_4543              345   2473.087     0.000     2473.087 <none> (D)  
    q6                            sbox_4542              345   2473.087     0.000     2473.087 <none> (D)  
    q7                            sbox_4541              345   2473.087     0.000     2473.087 <none> (D)  
    q8                            sbox_4540              345   2469.053     0.000     2469.053 <none> (D)  
    q9                            sbox_4539              345   2469.053     0.000     2469.053 <none> (D)  
  aes_core_r6_a2                  shiftrows_4702         128   4131.226     0.000     4131.226 <none> (D)  
  aes_core_r6_a3_m1_genblk1.m1    mul_2_4309              12    290.477     0.000      290.477 <none> (D)  
  aes_core_r6_a3_m1_genblk1.m2    mul_2_4308              12    290.477     0.000      290.477 <none> (D)  
  aes_core_r6_a3_m1_genblk1.m3    mul_2_4307              12    290.477     0.000      290.477 <none> (D)  
  aes_core_r6_a3_m1_genblk1.m4    mul_2_4306              12    290.477     0.000      290.477 <none> (D)  
  aes_core_r6_a3_m1_genblk1.m5_m1 mul_2_4305              12    290.477     0.000      290.477 <none> (D)  
  aes_core_r6_a3_m1_genblk1.m6_m1 mul_2_4304              12    290.477     0.000      290.477 <none> (D)  
  aes_core_r6_a3_m1_genblk1.m7_m1 mul_2_4303              12    290.477     0.000      290.477 <none> (D)  
  aes_core_r6_a3_m1_genblk1.m8_m1 mul_2_4302              12    290.477     0.000      290.477 <none> (D)  
  aes_core_r6_a3_m2_genblk1.m1    mul_2_4301              12    290.477     0.000      290.477 <none> (D)  
  aes_core_r6_a3_m2_genblk1.m2    mul_2_4300              12    290.477     0.000      290.477 <none> (D)  
  aes_core_r6_a3_m2_genblk1.m3    mul_2_4299              12    290.477     0.000      290.477 <none> (D)  
  aes_core_r6_a3_m2_genblk1.m4    mul_2_4298              12    290.477     0.000      290.477 <none> (D)  
  aes_core_r6_a3_m2_genblk1.m5_m1 mul_2_4297              12    290.477     0.000      290.477 <none> (D)  
  aes_core_r6_a3_m2_genblk1.m6_m1 mul_2_4296              12    290.477     0.000      290.477 <none> (D)  
  aes_core_r6_a3_m2_genblk1.m7_m1 mul_2_4295              12    290.477     0.000      290.477 <none> (D)  
  aes_core_r6_a3_m2_genblk1.m8_m1 mul_2_4294              12    290.477     0.000      290.477 <none> (D)  
  aes_core_r6_a3_m3_genblk1.m1    mul_2_4293              12    290.477     0.000      290.477 <none> (D)  
  aes_core_r6_a3_m3_genblk1.m2    mul_2_4292              12    290.477     0.000      290.477 <none> (D)  
  aes_core_r6_a3_m3_genblk1.m3    mul_2_4291              12    290.477     0.000      290.477 <none> (D)  
  aes_core_r6_a3_m3_genblk1.m4    mul_2_4290              12    290.477     0.000      290.477 <none> (D)  
  aes_core_r6_a3_m3_genblk1.m5_m1 mul_2_4289              12    290.477     0.000      290.477 <none> (D)  
  aes_core_r6_a3_m3_genblk1.m6_m1 mul_2_4288              12    290.477     0.000      290.477 <none> (D)  
  aes_core_r6_a3_m3_genblk1.m7_m1 mul_2_4287              12    290.477     0.000      290.477 <none> (D)  
  aes_core_r6_a3_m3_genblk1.m8_m1 mul_2_4286              12    290.477     0.000      290.477 <none> (D)  
  aes_core_r6_a3_m4_genblk1.m1    mul_2_4285              12    290.477     0.000      290.477 <none> (D)  
  aes_core_r6_a3_m4_genblk1.m2    mul_2_4284              12    290.477     0.000      290.477 <none> (D)  
  aes_core_r6_a3_m4_genblk1.m3    mul_2_4283              12    290.477     0.000      290.477 <none> (D)  
  aes_core_r6_a3_m4_genblk1.m4    mul_2_4282              12    290.477     0.000      290.477 <none> (D)  
  aes_core_r6_a3_m4_genblk1.m5_m1 mul_2_4281              12    290.477     0.000      290.477 <none> (D)  
  aes_core_r6_a3_m4_genblk1.m6_m1 mul_2_4280              12    290.477     0.000      290.477 <none> (D)  
  aes_core_r6_a3_m4_genblk1.m7_m1 mul_2_4279              12    290.477     0.000      290.477 <none> (D)  
  aes_core_r6_a3_m4_genblk1.m8_m1 mul_2_4278              12    290.477     0.000      290.477 <none> (D)  
  aes_core_r7_a1                  subbytes_4710         5732  43814.929     0.000    43814.929 <none> (D)  
    q0                            sbox_4532              351   2485.190     0.000     2485.190 <none> (D)  
    q1                            sbox_4531              351   2485.190     0.000     2485.190 <none> (D)  
    q10                           sbox_4522              351   2485.190     0.000     2485.190 <none> (D)  
    q11                           sbox_4521              351   2485.190     0.000     2485.190 <none> (D)  
    q12                           sbox_4520              349   2470.398     0.000     2470.398 <none> (D)  
    q13                           sbox_4519              349   2470.398     0.000     2470.398 <none> (D)  
    q14                           sbox_4518              349   2470.398     0.000     2470.398 <none> (D)  
    q15                           sbox_4517              349   2470.398     0.000     2470.398 <none> (D)  
    q2                            sbox_4530              351   2485.190     0.000     2485.190 <none> (D)  
    q3                            sbox_4529              351   2485.190     0.000     2485.190 <none> (D)  
    q4                            sbox_4528              351   2485.190     0.000     2485.190 <none> (D)  
    q5                            sbox_4527              351   2485.190     0.000     2485.190 <none> (D)  
    q6                            sbox_4526              351   2485.190     0.000     2485.190 <none> (D)  
    q7                            sbox_4525              351   2485.190     0.000     2485.190 <none> (D)  
    q8                            sbox_4524              349   2479.811     0.000     2479.811 <none> (D)  
    q9                            sbox_4523              349   2470.398     0.000     2470.398 <none> (D)  
  aes_core_r7_a2                  shiftrows_4701         128   4131.226     0.000     4131.226 <none> (D)  
  aes_core_r7_a3_m1_genblk1.m1    mul_2_4277              12    290.477     0.000      290.477 <none> (D)  
  aes_core_r7_a3_m1_genblk1.m2    mul_2_4276              12    290.477     0.000      290.477 <none> (D)  
  aes_core_r7_a3_m1_genblk1.m3    mul_2_4275              12    290.477     0.000      290.477 <none> (D)  
  aes_core_r7_a3_m1_genblk1.m4    mul_2_4274              12    290.477     0.000      290.477 <none> (D)  
  aes_core_r7_a3_m1_genblk1.m5_m1 mul_2_4273              12    290.477     0.000      290.477 <none> (D)  
  aes_core_r7_a3_m1_genblk1.m6_m1 mul_2_4272              12    290.477     0.000      290.477 <none> (D)  
  aes_core_r7_a3_m1_genblk1.m7_m1 mul_2_4271              12    290.477     0.000      290.477 <none> (D)  
  aes_core_r7_a3_m1_genblk1.m8_m1 mul_2_4270              12    290.477     0.000      290.477 <none> (D)  
  aes_core_r7_a3_m2_genblk1.m1    mul_2_4269              12    290.477     0.000      290.477 <none> (D)  
  aes_core_r7_a3_m2_genblk1.m2    mul_2_4268              12    290.477     0.000      290.477 <none> (D)  
  aes_core_r7_a3_m2_genblk1.m3    mul_2_4267              12    290.477     0.000      290.477 <none> (D)  
  aes_core_r7_a3_m2_genblk1.m4    mul_2_4266              12    290.477     0.000      290.477 <none> (D)  
  aes_core_r7_a3_m2_genblk1.m5_m1 mul_2_4265              12    290.477     0.000      290.477 <none> (D)  
  aes_core_r7_a3_m2_genblk1.m6_m1 mul_2_4264              12    290.477     0.000      290.477 <none> (D)  
  aes_core_r7_a3_m2_genblk1.m7_m1 mul_2_4263              12    290.477     0.000      290.477 <none> (D)  
  aes_core_r7_a3_m2_genblk1.m8_m1 mul_2_4262              12    290.477     0.000      290.477 <none> (D)  
  aes_core_r7_a3_m3_genblk1.m1    mul_2_4261              12    290.477     0.000      290.477 <none> (D)  
  aes_core_r7_a3_m3_genblk1.m2    mul_2_4260              12    290.477     0.000      290.477 <none> (D)  
  aes_core_r7_a3_m3_genblk1.m3    mul_2_4259              12    290.477     0.000      290.477 <none> (D)  
  aes_core_r7_a3_m3_genblk1.m4    mul_2_4258              12    290.477     0.000      290.477 <none> (D)  
  aes_core_r7_a3_m3_genblk1.m5_m1 mul_2_4257              12    290.477     0.000      290.477 <none> (D)  
  aes_core_r7_a3_m3_genblk1.m6_m1 mul_2_4256              12    290.477     0.000      290.477 <none> (D)  
  aes_core_r7_a3_m3_genblk1.m7_m1 mul_2_4255              12    290.477     0.000      290.477 <none> (D)  
  aes_core_r7_a3_m3_genblk1.m8_m1 mul_2_4254              12    290.477     0.000      290.477 <none> (D)  
  aes_core_r7_a3_m4_genblk1.m1    mul_2_4253              12    290.477     0.000      290.477 <none> (D)  
  aes_core_r7_a3_m4_genblk1.m2    mul_2_4252              12    290.477     0.000      290.477 <none> (D)  
  aes_core_r7_a3_m4_genblk1.m3    mul_2_4251              12    290.477     0.000      290.477 <none> (D)  
  aes_core_r7_a3_m4_genblk1.m4    mul_2_4250              12    290.477     0.000      290.477 <none> (D)  
  aes_core_r7_a3_m4_genblk1.m5_m1 mul_2_4249              12    290.477     0.000      290.477 <none> (D)  
  aes_core_r7_a3_m4_genblk1.m6_m1 mul_2_4248              12    290.477     0.000      290.477 <none> (D)  
  aes_core_r7_a3_m4_genblk1.m7_m1 mul_2_4247              12    290.477     0.000      290.477 <none> (D)  
  aes_core_r7_a3_m4_genblk1.m8_m1 mul_2_4246              12    290.477     0.000      290.477 <none> (D)  
  aes_core_r8_a1                  subbytes_4709         5672  44022.028     0.000    44022.028 <none> (D)  
    q0                            sbox_4516              348   2497.294     0.000     2497.294 <none> (D)  
    q1                            sbox_4515              348   2498.638     0.000     2498.638 <none> (D)  
    q10                           sbox_4506              345   2487.880     0.000     2487.880 <none> (D)  
    q11                           sbox_4505              345   2487.880     0.000     2487.880 <none> (D)  
    q12                           sbox_4504              345   2487.880     0.000     2487.880 <none> (D)  
    q13                           sbox_4503              345   2487.880     0.000     2487.880 <none> (D)  
    q14                           sbox_4502              345   2487.880     0.000     2487.880 <none> (D)  
    q15                           sbox_4501              345   2487.880     0.000     2487.880 <none> (D)  
    q2                            sbox_4514              348   2498.638     0.000     2498.638 <none> (D)  
    q3                            sbox_4513              348   2498.638     0.000     2498.638 <none> (D)  
    q4                            sbox_4512              348   2497.294     0.000     2497.294 <none> (D)  
    q5                            sbox_4511              348   2498.638     0.000     2498.638 <none> (D)  
    q6                            sbox_4510              348   2498.638     0.000     2498.638 <none> (D)  
    q7                            sbox_4509              348   2498.638     0.000     2498.638 <none> (D)  
    q8                            sbox_4508              345   2489.225     0.000     2489.225 <none> (D)  
    q9                            sbox_4507              345   2487.880     0.000     2487.880 <none> (D)  
  aes_core_r8_a2                  shiftrows_4700         128   4131.226     0.000     4131.226 <none> (D)  
  aes_core_r8_a3_m1_genblk1.m1    mul_2_4245              12    290.477     0.000      290.477 <none> (D)  
  aes_core_r8_a3_m1_genblk1.m2    mul_2_4244              12    290.477     0.000      290.477 <none> (D)  
  aes_core_r8_a3_m1_genblk1.m3    mul_2_4243              12    290.477     0.000      290.477 <none> (D)  
  aes_core_r8_a3_m1_genblk1.m4    mul_2_4242              12    290.477     0.000      290.477 <none> (D)  
  aes_core_r8_a3_m1_genblk1.m5_m1 mul_2_4241              12    290.477     0.000      290.477 <none> (D)  
  aes_core_r8_a3_m1_genblk1.m6_m1 mul_2_4240              12    290.477     0.000      290.477 <none> (D)  
  aes_core_r8_a3_m1_genblk1.m7_m1 mul_2_4239              12    290.477     0.000      290.477 <none> (D)  
  aes_core_r8_a3_m1_genblk1.m8_m1 mul_2_4238              12    290.477     0.000      290.477 <none> (D)  
  aes_core_r8_a3_m2_genblk1.m1    mul_2_4237              12    290.477     0.000      290.477 <none> (D)  
  aes_core_r8_a3_m2_genblk1.m2    mul_2_4236              12    290.477     0.000      290.477 <none> (D)  
  aes_core_r8_a3_m2_genblk1.m3    mul_2_4235              12    290.477     0.000      290.477 <none> (D)  
  aes_core_r8_a3_m2_genblk1.m4    mul_2_4234              12    290.477     0.000      290.477 <none> (D)  
  aes_core_r8_a3_m2_genblk1.m5_m1 mul_2_4233              12    290.477     0.000      290.477 <none> (D)  
  aes_core_r8_a3_m2_genblk1.m6_m1 mul_2_4232              12    290.477     0.000      290.477 <none> (D)  
  aes_core_r8_a3_m2_genblk1.m7_m1 mul_2_4231              12    290.477     0.000      290.477 <none> (D)  
  aes_core_r8_a3_m2_genblk1.m8_m1 mul_2_4230              12    290.477     0.000      290.477 <none> (D)  
  aes_core_r8_a3_m3_genblk1.m1    mul_2_4229              12    290.477     0.000      290.477 <none> (D)  
  aes_core_r8_a3_m3_genblk1.m2    mul_2_4228              12    290.477     0.000      290.477 <none> (D)  
  aes_core_r8_a3_m3_genblk1.m3    mul_2_4227              12    290.477     0.000      290.477 <none> (D)  
  aes_core_r8_a3_m3_genblk1.m4    mul_2_4226              12    290.477     0.000      290.477 <none> (D)  
  aes_core_r8_a3_m3_genblk1.m5_m1 mul_2_4225              12    290.477     0.000      290.477 <none> (D)  
  aes_core_r8_a3_m3_genblk1.m6_m1 mul_2_4224              12    290.477     0.000      290.477 <none> (D)  
  aes_core_r8_a3_m3_genblk1.m7_m1 mul_2_4223              12    290.477     0.000      290.477 <none> (D)  
  aes_core_r8_a3_m3_genblk1.m8_m1 mul_2_4222              12    290.477     0.000      290.477 <none> (D)  
  aes_core_r8_a3_m4_genblk1.m1    mul_2_4221              12    290.477     0.000      290.477 <none> (D)  
  aes_core_r8_a3_m4_genblk1.m2    mul_2_4220              12    290.477     0.000      290.477 <none> (D)  
  aes_core_r8_a3_m4_genblk1.m3    mul_2_4219              12    290.477     0.000      290.477 <none> (D)  
  aes_core_r8_a3_m4_genblk1.m4    mul_2_4218              12    290.477     0.000      290.477 <none> (D)  
  aes_core_r8_a3_m4_genblk1.m5_m1 mul_2_4217              12    290.477     0.000      290.477 <none> (D)  
  aes_core_r8_a3_m4_genblk1.m6_m1 mul_2_4216              12    290.477     0.000      290.477 <none> (D)  
  aes_core_r8_a3_m4_genblk1.m7_m1 mul_2_4215              12    290.477     0.000      290.477 <none> (D)  
  aes_core_r8_a3_m4_genblk1.m8_m1 mul_2_4214              12    290.477     0.000      290.477 <none> (D)  
  aes_core_r9_s1                  subbytes_4717         5768  43997.822     0.000    43997.822 <none> (D)  
    q0                            sbox_4644              354   2491.914     0.000     2491.914 <none> (D)  
    q1                            sbox_4643              354   2491.914     0.000     2491.914 <none> (D)  
    q10                           sbox_4634              354   2491.914     0.000     2491.914 <none> (D)  
    q11                           sbox_4633              354   2491.914     0.000     2491.914 <none> (D)  
    q12                           sbox_4632              352   2509.397     0.000     2509.397 <none> (D)  
    q13                           sbox_4631              347   2482.501     0.000     2482.501 <none> (D)  
    q14                           sbox_4630              349   2486.535     0.000     2486.535 <none> (D)  
    q15                           sbox_4629              350   2483.846     0.000     2483.846 <none> (D)  
    q2                            sbox_4642              354   2491.914     0.000     2491.914 <none> (D)  
    q3                            sbox_4641              354   2491.914     0.000     2491.914 <none> (D)  
    q4                            sbox_4640              348   2493.259     0.000     2493.259 <none> (D)  
    q5                            sbox_4639              354   2491.914     0.000     2491.914 <none> (D)  
    q6                            sbox_4638              354   2491.914     0.000     2491.914 <none> (D)  
    q7                            sbox_4637              354   2491.914     0.000     2491.914 <none> (D)  
    q8                            sbox_4636              354   2491.914     0.000     2491.914 <none> (D)  
    q9                            sbox_4635              354   2491.914     0.000     2491.914 <none> (D)  
  aes_core_r9_s2                  shiftrows_4708         128   4131.226     0.000     4131.226 <none> (D)  
  spi_core                        spi_slave              992  26293.530     0.000    26293.530 <none> (D)  
  (D) = wireload is default in technology library
