============================================================
  Generated by:           Genus(TM) Synthesis Solution 22.10-p001_1
  Generated on:           Mar 12 2025  11:46:45 pm
  Module:                 Port_D
  Operating conditions:   ss_v1p08_125c (balanced_tree)
  Operating conditions:   ff_v1p32_-40c (balanced_tree)
  Operating conditions:   tt_v1p5_25c (balanced_tree)
  Wireload mode:          enclosed
  Area mode:              timing library
============================================================

                                                                          Library 
    Gate      Instances    Area                   Library                  Domain 
----------------------------------------------------------------------------------
AND2HDV2RD            3    20.172    scc013ull_hd_rvt_ss_v1p08_125c_basic       0 
AO222HDV1             8   118.342    scc013ull_hd_rvt_ss_v1p08_125c_basic       0 
AO22HDV0              1    10.758    scc013ull_hd_rvt_ss_v1p08_125c_basic       0 
AO31HDVL              1     9.414    scc013ull_hd_rvt_ss_v1p08_125c_basic       0 
CLKMUX2HDV0           5    67.240    scc013ull_hd_rvt_ss_v1p08_125c_basic       0 
CLKNAND2HDV2          1     5.379    scc013ull_hd_rvt_ss_v1p08_125c_basic       0 
DQHDV2                8   193.651    scc013ull_hd_rvt_ss_v1p08_125c_basic       0 
DRQHDV2               8   215.168    scc013ull_hd_rvt_ss_v1p08_125c_basic       0 
EDRNQHDV0             8   290.477    scc013ull_hd_rvt_ss_v1p08_125c_basic       0 
IAO22HDV2             2    21.517    scc013ull_hd_rvt_ss_v1p08_125c_basic       0 
INAND2HDV2            7    47.068    scc013ull_hd_rvt_ss_v1p08_125c_basic       0 
INHDV0                2     8.069    scc013ull_hd_rvt_ss_v1p08_125c_basic       0 
INHDV1                2     8.069    scc013ull_hd_rvt_ss_v1p08_125c_basic       0 
INHDV2                1     4.034    scc013ull_hd_rvt_ss_v1p08_125c_basic       0 
INOR2HDV2             2    13.448    scc013ull_hd_rvt_ss_v1p08_125c_basic       0 
INOR4HDV2             1     9.414    scc013ull_hd_rvt_ss_v1p08_125c_basic       0 
IOA22HDV0            15   141.204    scc013ull_hd_rvt_ss_v1p08_125c_basic       0 
LAHHDV0               8   161.376    scc013ull_hd_rvt_ss_v1p08_125c_basic       0 
NAND3BBHDV2           8    64.550    scc013ull_hd_rvt_ss_v1p08_125c_basic       0 
NOR2HDV2              5    26.896    scc013ull_hd_rvt_ss_v1p08_125c_basic       0 
NOR3BBHDV2            1     8.069    scc013ull_hd_rvt_ss_v1p08_125c_basic       0 
OA211HDV2             1    10.758    scc013ull_hd_rvt_ss_v1p08_125c_basic       0 
OA31HDV1              1     9.414    scc013ull_hd_rvt_ss_v1p08_125c_basic       0 
OAI21BHDV2            1     9.414    scc013ull_hd_rvt_ss_v1p08_125c_basic       0 
OAI21HDV2             4    26.896    scc013ull_hd_rvt_ss_v1p08_125c_basic       0 
OAI22HDV0             1     8.069    scc013ull_hd_rvt_ss_v1p08_125c_basic       0 
OAOI211HDV1           2    16.138    scc013ull_hd_rvt_ss_v1p08_125c_basic       0 
OR2HDV2RD             2    13.448    scc013ull_hd_rvt_ss_v1p08_125c_basic       0 
TBUFHDV0              8    96.826    scc013ull_hd_rvt_ss_v1p08_125c_basic       0 
----------------------------------------------------------------------------------
total               117  1635.277                                         


                                         
     Type      Instances   Area   Area % 
-----------------------------------------
sequential            32  860.672   52.6 
inverter               5   20.172    1.2 
tristate               8   96.826    5.9 
logic                 72  657.607   40.2 
physical_cells         0    0.000    0.0 
-----------------------------------------
total                117 1635.277  100.0 

