============================================================
  Generated by:           Genus(TM) Synthesis Solution 22.10-p001_1
  Generated on:           Mar 12 2025  11:46:45 pm
  Module:                 Port_D
  Operating conditions:   ss_v1p08_125c (balanced_tree)
  Operating conditions:   ff_v1p32_-40c (balanced_tree)
  Operating conditions:   tt_v1p5_25c (balanced_tree)
  Wireload mode:          enclosed
  Area mode:              timing library
============================================================

Timing
--------

   Analysis view   Clock  Period 
---------------------------------
view_ss_v1p08_125c CLK   50000.0 
view_ff_v1p32      CLK   50000.0 
view_tt_v1p5_25c   CLK   50000.0 


     Analysis        Cost   Critical        Violating 
       View         Group  Path Slack  TNS    Paths   
------------------------------------------------------
view_ss_v1p08_125c     CLK    26548.6  0.0          0 
                   default   No paths  0.0          0 
------------------------------------------------------
Total                                 -0.0          0 
                                                      
view_ff_v1p32          CLK    28113.4  0.0          0 
                   default   No paths  0.0          0 
------------------------------------------------------
Total                                 -0.0          0 
                                                      
view_tt_v1p5_25c       CLK    28028.3  0.0          0 
                   default   No paths  0.0          0 
------------------------------------------------------
Total                                 -0.0          0 
                                                      

Instance Count
--------------
Leaf Instance Count             117 
Physical Instance count           0 
Sequential Instance Count        32 
Combinational Instance Count     85 
Hierarchical Instance Count       4 

Area
----
Cell Area                          1635.277
Physical Cell Area                 0.000
Total Cell Area (Cell+Physical)    1635.277
Net Area                           0.000
Total Area (Cell+Physical+Net)     1635.277

Max Fanout                         32 (cp2)
Min Fanout                         0 (ireset)
Average Fanout                     2.2
Terms to net ratio                 2.7062
Terms to instance ratio            4.0940
Runtime                            15.697229 seconds
Elapsed Runtime                    12 seconds
Genus peak memory usage            2223.91 
Innovus peak memory usage          no_value 
Hostname                           esidcad1.ee.eng.chula.ac.th
