============================================================
  Generated by:           Genus(TM) Synthesis Solution 22.10-p001_1
  Generated on:           Mar 12 2025  11:42:26 pm
  Module:                 USARTn
  Operating conditions:   ss_v1p08_125c (balanced_tree)
  Operating conditions:   ff_v1p32_-40c (balanced_tree)
  Operating conditions:   tt_v1p5_25c (balanced_tree)
  Wireload mode:          enclosed
  Area mode:              timing library
============================================================

                                                                          Library 
    Gate      Instances    Area                   Library                  Domain 
----------------------------------------------------------------------------------
AD1HDV2C              1    25.551    scc013ull_hd_rvt_ss_v1p08_125c_basic       0 
ADH1HDV2C             2    32.275    scc013ull_hd_rvt_ss_v1p08_125c_basic       0 
AND2HDV1RD            2    13.448    scc013ull_hd_rvt_ss_v1p08_125c_basic       0 
AND2HDV2RD            9    60.516    scc013ull_hd_rvt_ss_v1p08_125c_basic       0 
AND3HDV2              2    16.138    scc013ull_hd_rvt_ss_v1p08_125c_basic       0 
AND4HDV0              1     9.414    scc013ull_hd_rvt_ss_v1p08_125c_basic       0 
AO211HDV2             2    21.517    scc013ull_hd_rvt_ss_v1p08_125c_basic       0 
AO221HDV0             8    96.826    scc013ull_hd_rvt_ss_v1p08_125c_basic       0 
AO222HDV1             4    59.171    scc013ull_hd_rvt_ss_v1p08_125c_basic       0 
AO22HDV0              5    53.792    scc013ull_hd_rvt_ss_v1p08_125c_basic       0 
AO32HDV2              5    60.516    scc013ull_hd_rvt_ss_v1p08_125c_basic       0 
AOAI211HDV1           5    40.344    scc013ull_hd_rvt_ss_v1p08_125c_basic       0 
AOI211HDV2            3    24.206    scc013ull_hd_rvt_ss_v1p08_125c_basic       0 
AOI21BHDV0            1     8.069    scc013ull_hd_rvt_ss_v1p08_125c_basic       0 
AOI21BHDVL           14   112.963    scc013ull_hd_rvt_ss_v1p08_125c_basic       0 
AOI21HDV2             7    47.068    scc013ull_hd_rvt_ss_v1p08_125c_basic       0 
AOI221HDVL           11   118.342    scc013ull_hd_rvt_ss_v1p08_125c_basic       0 
AOI222HDV2            3    40.344    scc013ull_hd_rvt_ss_v1p08_125c_basic       0 
AOI22HDV1            46   371.165    scc013ull_hd_rvt_ss_v1p08_125c_basic       0 
AOI32HDV2             1    10.758    scc013ull_hd_rvt_ss_v1p08_125c_basic       0 
AOI33HDV2             1    12.103    scc013ull_hd_rvt_ss_v1p08_125c_basic       0 
CLKINHDV1             4    16.138    scc013ull_hd_rvt_ss_v1p08_125c_basic       0 
CLKINHDV2             2     8.069    scc013ull_hd_rvt_ss_v1p08_125c_basic       0 
CLKNAND2HDV2         20   107.584    scc013ull_hd_rvt_ss_v1p08_125c_basic       0 
DQHDV0                1    24.206    scc013ull_hd_rvt_ss_v1p08_125c_basic       0 
DQNHDV2               9   205.754    scc013ull_hd_rvt_ss_v1p08_125c_basic       0 
DRQHDV0              10   268.960    scc013ull_hd_rvt_ss_v1p08_125c_basic       0 
DRQHDV2              64  1721.344    scc013ull_hd_rvt_ss_v1p08_125c_basic       0 
DRQNHDV2             13   332.166    scc013ull_hd_rvt_ss_v1p08_125c_basic       0 
DSNQHDV0              1    26.896    scc013ull_hd_rvt_ss_v1p08_125c_basic       0 
DSNQHDV2             15   403.440    scc013ull_hd_rvt_ss_v1p08_125c_basic       0 
DSNQNHDV2             1    26.896    scc013ull_hd_rvt_ss_v1p08_125c_basic       0 
EDQHDV2               1    32.275    scc013ull_hd_rvt_ss_v1p08_125c_basic       0 
EDRNQHDV0            38  1379.765    scc013ull_hd_rvt_ss_v1p08_125c_basic       0 
EDRNQNHDV4            7   254.167    scc013ull_hd_rvt_ss_v1p08_125c_basic       0 
I2NAND4HDV2           2    24.206    scc013ull_hd_rvt_ss_v1p08_125c_basic       0 
IAO21HDV2             3    28.241    scc013ull_hd_rvt_ss_v1p08_125c_basic       0 
IAO22HDV2             3    32.275    scc013ull_hd_rvt_ss_v1p08_125c_basic       0 
INAND2HDV2           12    80.688    scc013ull_hd_rvt_ss_v1p08_125c_basic       0 
INAND3HDV2            7    56.482    scc013ull_hd_rvt_ss_v1p08_125c_basic       0 
INAND4HDV2            3    28.241    scc013ull_hd_rvt_ss_v1p08_125c_basic       0 
INHDV0               11    44.378    scc013ull_hd_rvt_ss_v1p08_125c_basic       0 
INHDV1               13    52.447    scc013ull_hd_rvt_ss_v1p08_125c_basic       0 
INHDV2               19    76.654    scc013ull_hd_rvt_ss_v1p08_125c_basic       0 
INOR2HDV2             9    60.516    scc013ull_hd_rvt_ss_v1p08_125c_basic       0 
INOR3HDV1             3    24.206    scc013ull_hd_rvt_ss_v1p08_125c_basic       0 
INOR4HDV2             2    18.827    scc013ull_hd_rvt_ss_v1p08_125c_basic       0 
INOR4HDVL             1     9.414    scc013ull_hd_rvt_ss_v1p08_125c_basic       0 
IOA21HDV0             1     8.069    scc013ull_hd_rvt_ss_v1p08_125c_basic       0 
IOA21HDV1             5    40.344    scc013ull_hd_rvt_ss_v1p08_125c_basic       0 
IOA22HDV0            84   790.742    scc013ull_hd_rvt_ss_v1p08_125c_basic       0 
MAOI222HDV2           1    13.448    scc013ull_hd_rvt_ss_v1p08_125c_basic       0 
MUX2NHDV1             4    48.413    scc013ull_hd_rvt_ss_v1p08_125c_basic       0 
NAND2HDV1             2    10.758    scc013ull_hd_rvt_ss_v1p08_125c_basic       0 
NAND2HDV2            25   134.480    scc013ull_hd_rvt_ss_v1p08_125c_basic       0 
NAND3BBHDV2           4    32.275    scc013ull_hd_rvt_ss_v1p08_125c_basic       0 
NAND3HDV2             3    20.172    scc013ull_hd_rvt_ss_v1p08_125c_basic       0 
NAND4HDV2             2    16.138    scc013ull_hd_rvt_ss_v1p08_125c_basic       0 
NOR2HDV2             30   161.376    scc013ull_hd_rvt_ss_v1p08_125c_basic       0 
NOR3BBHDV2            4    32.275    scc013ull_hd_rvt_ss_v1p08_125c_basic       0 
NOR3HDV2              3    20.172    scc013ull_hd_rvt_ss_v1p08_125c_basic       0 
NOR4HDV1              4    32.275    scc013ull_hd_rvt_ss_v1p08_125c_basic       0 
OA211HDV2             1    10.758    scc013ull_hd_rvt_ss_v1p08_125c_basic       0 
OA21HDV2              1     9.414    scc013ull_hd_rvt_ss_v1p08_125c_basic       0 
OA22HDV2              3    32.275    scc013ull_hd_rvt_ss_v1p08_125c_basic       0 
OA32HDV2              1    12.103    scc013ull_hd_rvt_ss_v1p08_125c_basic       0 
OAI211HDV2           15   121.032    scc013ull_hd_rvt_ss_v1p08_125c_basic       0 
OAI21HDV2            12    80.688    scc013ull_hd_rvt_ss_v1p08_125c_basic       0 
OAI221HDV1            1    10.758    scc013ull_hd_rvt_ss_v1p08_125c_basic       0 
OAI222HDV1            2    24.206    scc013ull_hd_rvt_ss_v1p08_125c_basic       0 
OAI22HDV0             4    32.275    scc013ull_hd_rvt_ss_v1p08_125c_basic       0 
OAI32HDV0             2    18.827    scc013ull_hd_rvt_ss_v1p08_125c_basic       0 
OAOI211HDV1          13   104.894    scc013ull_hd_rvt_ss_v1p08_125c_basic       0 
OR2HDV2RD            22   147.928    scc013ull_hd_rvt_ss_v1p08_125c_basic       0 
OR4HDV2               2    18.827    scc013ull_hd_rvt_ss_v1p08_125c_basic       0 
XNOR2CHDV2           12   129.101    scc013ull_hd_rvt_ss_v1p08_125c_basic       0 
XOR2CHDV2             2    24.206    scc013ull_hd_rvt_ss_v1p08_125c_basic       0 
----------------------------------------------------------------------------------
total               672  8716.994                                         


                                         
     Type      Instances   Area   Area % 
-----------------------------------------
sequential           160 4675.870   53.6 
inverter              49  197.686    2.3 
logic                463 3843.438   44.1 
physical_cells         0    0.000    0.0 
-----------------------------------------
total                672 8716.994  100.0 

