============================================================
  Generated by:           Genus(TM) Synthesis Solution 22.10-p001_1
  Generated on:           Mar 12 2025  11:42:26 pm
  Module:                 USARTn
  Operating conditions:   ss_v1p08_125c (balanced_tree)
  Operating conditions:   ff_v1p32_-40c (balanced_tree)
  Operating conditions:   tt_v1p5_25c (balanced_tree)
  Wireload mode:          enclosed
  Area mode:              timing library
============================================================

Timing
--------

   Analysis view   Clock  Period 
---------------------------------
view_ss_v1p08_125c CLK   50000.0 
view_ff_v1p32      CLK   50000.0 
view_tt_v1p5_25c   CLK   50000.0 


     Analysis        Cost   Critical        Violating 
       View         Group  Path Slack  TNS    Paths   
------------------------------------------------------
view_ss_v1p08_125c     CLK    23861.1  0.0          0 
                   default   No paths  0.0          0 
------------------------------------------------------
Total                                 -0.0          0 
                                                      
view_ff_v1p32          CLK    27380.8  0.0          0 
                   default   No paths  0.0          0 
------------------------------------------------------
Total                                 -0.0          0 
                                                      
view_tt_v1p5_25c       CLK    27184.5  0.0          0 
                   default   No paths  0.0          0 
------------------------------------------------------
Total                                 -0.0          0 
                                                      

Instance Count
--------------
Leaf Instance Count             672 
Physical Instance count           0 
Sequential Instance Count       160 
Combinational Instance Count    512 
Hierarchical Instance Count       1 

Area
----
Cell Area                          8716.994
Physical Cell Area                 0.000
Total Cell Area (Cell+Physical)    8716.994
Net Area                           0.000
Total Area (Cell+Physical+Net)     8716.994

Max Fanout                         160 (cp2)
Min Fanout                         0 (USART_Clk_inst/n_72)
Average Fanout                     2.8
Terms to net ratio                 3.9069
Terms to instance ratio            4.1220
Runtime                            25.965709 seconds
Elapsed Runtime                    22 seconds
Genus peak memory usage            2242.61 
Innovus peak memory usage          no_value 
Hostname                           esidcad1.ee.eng.chula.ac.th
