============================================================
  Generated by:           Genus(TM) Synthesis Solution 22.10-p001_1
  Generated on:           Mar 12 2025  11:47:07 pm
  Module:                 Port_C
  Library domain:         timing_cond_ss_v1p08_125c
    Domain index:         0
    Technology library:   scc013ull_hd_rvt_ss_v1p08_125c_basic 0.2
  Library domain:         timing_cond_ff_v1p32
    Domain index:         1
    Technology library:   scc013ull_hd_rvt_ff_v1p32_-40c_basic 0.2
  Library domain:         timing_cond_tt_v1p5_25c
    Domain index:         2
    Technology library:   scc013ull_hd_rvt_tt_v1p5_25c_basic 0.2
  Operating conditions:   ss_v1p08_125c (balanced_tree)
  Operating conditions:   ff_v1p32_-40c (balanced_tree)
  Operating conditions:   tt_v1p5_25c (balanced_tree)
  Wireload mode:          enclosed
  Area mode:              timing library
============================================================


 Clock Description
 ----------------- 

                  Clock                              Clock               No of   
      Mode        Name    Period   Rise    Fall      Domain  Pin/Port  Registers 
---------------------------------------------------------------------------------
view_tt_v1p5_25c  CLK     50000.0   0.0   25000.0   domain_1   cp2        30     

 Clock Network Latency / Setup Uncertainty
 ----------------------------------------- 

                         Network   Network   Source   Source     Setup        Setup    
                 Clock   Latency   Latency  Latency  Latency  Uncertainty  Uncertainty 
      Mode        Name    Rise      Fall      Rise     Fall       Rise         Fall    
---------------------------------------------------------------------------------------
view_tt_v1p5_25c CLK      1000.0    1000.0   1250.0   1250.0       1000.0       1000.0 

 Clock Relationship (with uncertainty & latency)
 ----------------------------------------------- 

        Mode         From    To     R->R      R->F      F->R      F->F  
------------------------------------------------------------------------
  view_tt_v1p5_25c   CLK    CLK   48750.0   23750.0   23750.0   48750.0 
