============================================================
  Generated by:           Genus(TM) Synthesis Solution 22.10-p001_1
  Generated on:           Mar 12 2025  11:47:10 pm
  Module:                 Port_C
  Operating conditions:   ss_v1p08_125c (balanced_tree)
  Operating conditions:   ff_v1p32_-40c (balanced_tree)
  Operating conditions:   tt_v1p5_25c (balanced_tree)
  Wireload mode:          enclosed
  Area mode:              timing library
============================================================


Path 1: UNCONSTRAINED Setup Check with Pin IO_Port_C_inst/synchronizer_pinx_inst/d_latch_reg[2]/E->D
           View: view_ff_v1p32
     Startpoint: (F) pinC_i[2]
          Clock: (R) CLK
       Endpoint: (F) IO_Port_C_inst/synchronizer_pinx_inst/d_latch_reg[2]/D
          Clock: (F) -

                     Capture    Launch     
        Clock Edge:+       -         0     
        Drv Adjust:+       0         3     
       Src Latency:+       -      1250     
       Net Latency:+       -      1000 (I) 
           Arrival:=       -      2253     
                                           
             Setup:-     139               
      Launch Clock:-    2253               
       Input Delay:-   10000               
         Data Path:-       0               

Exceptions/Constraints:
  false_path               -              zipped_path_disable_0              
  input_delay            10000            Port_C_constraints_f_line_81_109_1 

#-------------------------------------------------------------------------------------------------------------------------------
#                     Timing Point                       Flags   Arc   Edge   Cell     Fanout Load Trans Delay Arrival Instance 
#                                                                                             (fF)  (ps)  (ps)   (ps)  Location 
#-------------------------------------------------------------------------------------------------------------------------------
  pinC_i[2]                                              -       -     F     (arrival)      2  4.1    18     0   12253    (-,-) 
  IO_Port_C_inst/synchronizer_pinx_inst/d_latch_reg[2]/D -       -     F     LAHHDV0        2    -     -     0   12253    (-,-) 
#-------------------------------------------------------------------------------------------------------------------------------



Path 2: UNCONSTRAINED Setup Check with Pin IO_Port_C_inst/synchronizer_pinx_inst/d_latch_reg[2]/E->D
           View: view_ff_v1p32
     Startpoint: (R) pinC_i[2]
          Clock: (R) CLK
       Endpoint: (R) IO_Port_C_inst/synchronizer_pinx_inst/d_latch_reg[2]/D
          Clock: (F) -

                     Capture    Launch     
        Clock Edge:+       -         0     
        Drv Adjust:+       0         4     
       Src Latency:+       -      1250     
       Net Latency:+       -      1000 (I) 
           Arrival:=       -      2254     
                                           
             Setup:-     -98               
      Launch Clock:-    2254               
       Input Delay:-   10000               
         Data Path:-       0               

Exceptions/Constraints:
  false_path               -              zipped_path_disable_0              
  input_delay            10000            Port_C_constraints_f_line_81_109_1 

#-------------------------------------------------------------------------------------------------------------------------------
#                     Timing Point                       Flags   Arc   Edge   Cell     Fanout Load Trans Delay Arrival Instance 
#                                                                                             (fF)  (ps)  (ps)   (ps)  Location 
#-------------------------------------------------------------------------------------------------------------------------------
  pinC_i[2]                                              -       -     R     (arrival)      2  4.2    20     0   12254    (-,-) 
  IO_Port_C_inst/synchronizer_pinx_inst/d_latch_reg[2]/D -       -     R     LAHHDV0        2    -     -     0   12254    (-,-) 
#-------------------------------------------------------------------------------------------------------------------------------



Path 3: UNCONSTRAINED
           View: view_ff_v1p32
     Startpoint: (R) cp2
       Endpoint: (R) IO_Port_C_inst/rg_md_ddrx_inst/rg_current_reg[3]/CK

                   Capture    Launch  
      Drv Adjust:+       0         0  
                                      
       Data Path:-       0            

#----------------------------------------------------------------------------------------------------------------------------
#                    Timing Point                     Flags   Arc   Edge   Cell     Fanout Load Trans Delay Arrival Instance 
#                                                                                          (fF)  (ps)  (ps)   (ps)  Location 
#----------------------------------------------------------------------------------------------------------------------------
  cp2                                                 (i)     -     R     (arrival)     28  0.0     0     0       0    (-,-) 
  IO_Port_C_inst/rg_md_ddrx_inst/rg_current_reg[3]/CK -       -     R     EDRNQHDV0     28    -     -     0       0    (-,-) 
#----------------------------------------------------------------------------------------------------------------------------

(i) : Net is ideal.



Path 4: UNCONSTRAINED
           View: view_ff_v1p32
     Startpoint: (F) cp2
       Endpoint: (F) IO_Port_C_inst/rg_md_ddrx_inst/rg_current_reg[3]/CK

                   Capture    Launch  
      Drv Adjust:+       0         0  
                                      
       Data Path:-       0            

#----------------------------------------------------------------------------------------------------------------------------
#                    Timing Point                     Flags   Arc   Edge   Cell     Fanout Load Trans Delay Arrival Instance 
#                                                                                          (fF)  (ps)  (ps)   (ps)  Location 
#----------------------------------------------------------------------------------------------------------------------------
  cp2                                                 (i)     -     F     (arrival)     28  0.0     0     0       0    (-,-) 
  IO_Port_C_inst/rg_md_ddrx_inst/rg_current_reg[3]/CK -       -     F     EDRNQHDV0     28    -     -     0       0    (-,-) 
#----------------------------------------------------------------------------------------------------------------------------

(i) : Net is ideal.



Path 5: UNCONSTRAINED
           View: view_ff_v1p32
     Startpoint: (R) ireset
       Endpoint: (R) IO_Port_C_inst/rg_md_ddrx_inst/rg_current_reg[3]/RDN

                   Capture    Launch  
      Drv Adjust:+       0         0  
                                      
       Data Path:-       0            

#-----------------------------------------------------------------------------------------------------------------------------
#                    Timing Point                      Flags   Arc   Edge   Cell     Fanout Load Trans Delay Arrival Instance 
#                                                                                           (fF)  (ps)  (ps)   (ps)  Location 
#-----------------------------------------------------------------------------------------------------------------------------
  ireset                                               (a)     -     R     (arrival)      8  0.0    15     0       0    (-,-) 
  IO_Port_C_inst/rg_md_ddrx_inst/rg_current_reg[3]/RDN -       -     R     EDRNQHDV0      8    -     -     0       0    (-,-) 
#-----------------------------------------------------------------------------------------------------------------------------

(a) : Net has asynchronous load pins which are being considered ideal.

