============================================================
  Generated by:           Genus(TM) Synthesis Solution 22.10-p001_1
  Generated on:           Mar 12 2025  11:47:10 pm
  Module:                 Port_C
  Operating conditions:   ss_v1p08_125c (balanced_tree)
  Operating conditions:   ff_v1p32_-40c (balanced_tree)
  Operating conditions:   tt_v1p5_25c (balanced_tree)
  Wireload mode:          enclosed
  Area mode:              timing library
============================================================

                                                                          Library 
    Gate      Instances    Area                   Library                  Domain 
----------------------------------------------------------------------------------
AND2HDV2RD            8    53.792    scc013ull_hd_rvt_ss_v1p08_125c_basic       0 
AO222HDV1             7   103.550    scc013ull_hd_rvt_ss_v1p08_125c_basic       0 
AO22HDV0              3    32.275    scc013ull_hd_rvt_ss_v1p08_125c_basic       0 
AOI21BHDV0            1     8.069    scc013ull_hd_rvt_ss_v1p08_125c_basic       0 
AOI21HDV2             1     6.724    scc013ull_hd_rvt_ss_v1p08_125c_basic       0 
CLKNAND2HDV2          2    10.758    scc013ull_hd_rvt_ss_v1p08_125c_basic       0 
DQHDV2                7   169.445    scc013ull_hd_rvt_ss_v1p08_125c_basic       0 
DRQHDV2               7   188.272    scc013ull_hd_rvt_ss_v1p08_125c_basic       0 
EDRNQHDV0             7   254.167    scc013ull_hd_rvt_ss_v1p08_125c_basic       0 
INAND2HDV2            8    53.792    scc013ull_hd_rvt_ss_v1p08_125c_basic       0 
INHDV0                7    28.241    scc013ull_hd_rvt_ss_v1p08_125c_basic       0 
INHDV1                3    12.103    scc013ull_hd_rvt_ss_v1p08_125c_basic       0 
INOR2HDV2             3    20.172    scc013ull_hd_rvt_ss_v1p08_125c_basic       0 
INOR3HDV1             1     8.069    scc013ull_hd_rvt_ss_v1p08_125c_basic       0 
IOA22HDV0            13   122.377    scc013ull_hd_rvt_ss_v1p08_125c_basic       0 
LAHHDV0               7   141.204    scc013ull_hd_rvt_ss_v1p08_125c_basic       0 
MUX2HDV2              2    26.896    scc013ull_hd_rvt_ss_v1p08_125c_basic       0 
NAND2HDV2             1     5.379    scc013ull_hd_rvt_ss_v1p08_125c_basic       0 
NAND3BBHDV2           6    48.413    scc013ull_hd_rvt_ss_v1p08_125c_basic       0 
NOR2HDV2             10    53.792    scc013ull_hd_rvt_ss_v1p08_125c_basic       0 
NOR3BBHDV2            1     8.069    scc013ull_hd_rvt_ss_v1p08_125c_basic       0 
NOR3HDV2              1     6.724    scc013ull_hd_rvt_ss_v1p08_125c_basic       0 
OAI21BHDV2            1     9.414    scc013ull_hd_rvt_ss_v1p08_125c_basic       0 
OAI221HDV1            6    64.550    scc013ull_hd_rvt_ss_v1p08_125c_basic       0 
TBUFHDV0              6    72.619    scc013ull_hd_rvt_ss_v1p08_125c_basic       0 
TBUFHDV1              1    12.103    scc013ull_hd_rvt_ss_v1p08_125c_basic       0 
----------------------------------------------------------------------------------
total               120  1520.969                                         


                                         
     Type      Instances   Area   Area % 
-----------------------------------------
sequential            28  753.088   49.5 
inverter              10   40.344    2.7 
tristate               7   84.722    5.6 
logic                 75  642.814   42.3 
physical_cells         0    0.000    0.0 
-----------------------------------------
total                120 1520.969  100.0 

