============================================================
  Generated by:           Genus(TM) Synthesis Solution 22.10-p001_1
  Generated on:           Mar 12 2025  11:47:10 pm
  Module:                 Port_C
  Operating conditions:   ss_v1p08_125c (balanced_tree)
  Operating conditions:   ff_v1p32_-40c (balanced_tree)
  Operating conditions:   tt_v1p5_25c (balanced_tree)
  Wireload mode:          enclosed
  Area mode:              timing library
============================================================

Timing
--------

   Analysis view   Clock  Period 
---------------------------------
view_ss_v1p08_125c CLK   50000.0 
view_ff_v1p32      CLK   50000.0 
view_tt_v1p5_25c   CLK   50000.0 


     Analysis        Cost   Critical        Violating 
       View         Group  Path Slack  TNS    Paths   
------------------------------------------------------
view_ss_v1p08_125c     CLK    26537.9  0.0          0 
                   default   No paths  0.0          0 
------------------------------------------------------
Total                                 -0.0          0 
                                                      
view_ff_v1p32          CLK    28100.1  0.0          0 
                   default   No paths  0.0          0 
------------------------------------------------------
Total                                 -0.0          0 
                                                      
view_tt_v1p5_25c       CLK    28011.9  0.0          0 
                   default   No paths  0.0          0 
------------------------------------------------------
Total                                 -0.0          0 
                                                      

Instance Count
--------------
Leaf Instance Count             120 
Physical Instance count           0 
Sequential Instance Count        28 
Combinational Instance Count     92 
Hierarchical Instance Count       4 

Area
----
Cell Area                          1520.969
Physical Cell Area                 0.000
Total Cell Area (Cell+Physical)    1520.969
Net Area                           0.000
Total Area (Cell+Physical+Net)     1520.969

Max Fanout                         28 (cp2)
Min Fanout                         0 (dbus_in[7])
Average Fanout                     2.2
Terms to net ratio                 2.7485
Terms to instance ratio            3.9167
Runtime                            14.701421999999999 seconds
Elapsed Runtime                    12 seconds
Genus peak memory usage            2233.37 
Innovus peak memory usage          no_value 
Hostname                           esidcad1.ee.eng.chula.ac.th
