============================================================
  Generated by:           Genus(TM) Synthesis Solution 22.10-p001_1
  Generated on:           Mar 12 2025  11:47:47 pm
  Module:                 Port_E
  Operating conditions:   ss_v1p08_125c (balanced_tree)
  Operating conditions:   ff_v1p32_-40c (balanced_tree)
  Operating conditions:   tt_v1p5_25c (balanced_tree)
  Wireload mode:          enclosed
  Area mode:              timing library
============================================================

                                                                         Library 
    Gate      Instances   Area                   Library                  Domain 
---------------------------------------------------------------------------------
AND2HDV2RD            7   47.068    scc013ull_hd_rvt_ss_v1p08_125c_basic       0 
AND3HDV2              1    8.069    scc013ull_hd_rvt_ss_v1p08_125c_basic       0 
AO222HDV1             4   59.171    scc013ull_hd_rvt_ss_v1p08_125c_basic       0 
AO22HDV0              1   10.758    scc013ull_hd_rvt_ss_v1p08_125c_basic       0 
AOI21BHDV0            2   16.138    scc013ull_hd_rvt_ss_v1p08_125c_basic       0 
CLKMUX2HDV0           1   13.448    scc013ull_hd_rvt_ss_v1p08_125c_basic       0 
CLKNAND2HDV2          2   10.758    scc013ull_hd_rvt_ss_v1p08_125c_basic       0 
DQHDV2                4   96.826    scc013ull_hd_rvt_ss_v1p08_125c_basic       0 
DRNQHDV4              4  118.342    scc013ull_hd_rvt_ss_v1p08_125c_basic       0 
EDRNQHDV0             4  145.238    scc013ull_hd_rvt_ss_v1p08_125c_basic       0 
IAO22HDV2             2   21.517    scc013ull_hd_rvt_ss_v1p08_125c_basic       0 
INAND2HDV2            4   26.896    scc013ull_hd_rvt_ss_v1p08_125c_basic       0 
INHDV2                1    4.034    scc013ull_hd_rvt_ss_v1p08_125c_basic       0 
INOR2HDV2             3   20.172    scc013ull_hd_rvt_ss_v1p08_125c_basic       0 
IOA22HDV0             8   75.309    scc013ull_hd_rvt_ss_v1p08_125c_basic       0 
LAHHDV0               4   80.688    scc013ull_hd_rvt_ss_v1p08_125c_basic       0 
MUX2HDV2              1   13.448    scc013ull_hd_rvt_ss_v1p08_125c_basic       0 
NAND2HDV2             1    5.379    scc013ull_hd_rvt_ss_v1p08_125c_basic       0 
NAND3BBHDV2           4   32.275    scc013ull_hd_rvt_ss_v1p08_125c_basic       0 
NOR2HDV2              3   16.138    scc013ull_hd_rvt_ss_v1p08_125c_basic       0 
NOR3BBHDV2            1    8.069    scc013ull_hd_rvt_ss_v1p08_125c_basic       0 
NOR3HDV2              1    6.724    scc013ull_hd_rvt_ss_v1p08_125c_basic       0 
OAI21BHDV2            1    9.414    scc013ull_hd_rvt_ss_v1p08_125c_basic       0 
TBUFHDV0              3   36.310    scc013ull_hd_rvt_ss_v1p08_125c_basic       0 
TBUFHDV1              1   12.103    scc013ull_hd_rvt_ss_v1p08_125c_basic       0 
---------------------------------------------------------------------------------
total                68  894.292                                         


                                        
     Type      Instances   Area  Area % 
----------------------------------------
sequential            16 441.094   49.3 
inverter               1   4.034    0.5 
tristate               4  48.413    5.4 
logic                 47 400.750   44.8 
physical_cells         0   0.000    0.0 
----------------------------------------
total                 68 894.292  100.0 

