============================================================
  Generated by:           Genus(TM) Synthesis Solution 22.10-p001_1
  Generated on:           Mar 12 2025  11:47:47 pm
  Module:                 Port_E
  Operating conditions:   ss_v1p08_125c (balanced_tree)
  Operating conditions:   ff_v1p32_-40c (balanced_tree)
  Operating conditions:   tt_v1p5_25c (balanced_tree)
  Wireload mode:          enclosed
  Area mode:              timing library
============================================================


Path 1: MET (26709 ps) Late External Delay Assertion at pin dbus_out[0]
           View: view_ss_v1p08_125c
          Group: CLK
     Startpoint: (F) IO_Addr[2]
          Clock: (R) CLK
       Endpoint: (F) dbus_out[0]
          Clock: (R) CLK

                     Capture       Launch     
        Clock Edge:+   50000            0     
        Drv Adjust:+       0            5     
       Src Latency:+    1000         1250     
       Net Latency:+    1000 (I)     1000 (I) 
           Arrival:=   52000         2255     
                                              
      Output Delay:-   10000                  
       Uncertainty:-    1000                  
     Required Time:=   41000                  
      Launch Clock:-    2255                  
       Input Delay:-   10000                  
         Data Path:-    2035                  
             Slack:=   26709                  

Exceptions/Constraints:
  input_delay             10000            Port_E_constraints_s_line_75_4_1  
  output_delay            10000            Port_E_constraints_s_line_76_46_1 

#---------------------------------------------------------------------------------------------------------
#        Timing Point          Flags    Arc   Edge     Cell      Fanout Load Trans Delay Arrival Instance 
#                                                                       (fF)  (ps)  (ps)   (ps)  Location 
#---------------------------------------------------------------------------------------------------------
  IO_Addr[2]                   -       -      F     (arrival)         1  2.9    49     0   12255    (-,-) 
  IO_Addr[2]                   -       -      -     (net)             -    -     -     -       -    (-,-) 
  IO_Port_E_inst/g531__6417/ZN -       A2->ZN R     CLKNAND2HDV2      1  2.8    99    94   12349    (-,-) 
  IO_Port_E_inst/n_1           -       -      -     (net)             -    -     -     -       -    (-,-) 
  IO_Port_E_inst/g530__7410/ZN -       A1->ZN F     NOR3HDV2          3  4.8   174   139   12488    (-,-) 
  IO_Port_E_inst/n_2           -       -      -     (net)             -    -     -     -       -    (-,-) 
  IO_Port_E_inst/g528__2346/ZN -       A1->ZN F     INOR2HDV2         2  4.1   142   378   12866    (-,-) 
  IO_Port_E_inst/n_3           -       -      -     (net)             -    -     -     -       -    (-,-) 
  IO_Port_E_inst/g525__9315/ZN -       A1->ZN F     INOR2HDV2         5  9.5   206   411   13276    (-,-) 
  IO_Port_E_inst/n_6           -       -      -     (net)             -    -     -     -       -    (-,-) 
  IO_Port_E_inst/g520__1881/Z  -       B1->Z  F     AO222HDV1         1  2.2   222  1014   14291    (-,-) 
  dbus_out[0]                  -       -      -     (net)             -    -     -     -       -    (-,-) 
  dbus_out[0]                  -       -      F     (port)            -    -     -     0   14291    (-,-) 
#---------------------------------------------------------------------------------------------------------



Path 2: MET (26709 ps) Late External Delay Assertion at pin dbus_out[1]
           View: view_ss_v1p08_125c
          Group: CLK
     Startpoint: (F) IO_Addr[2]
          Clock: (R) CLK
       Endpoint: (F) dbus_out[1]
          Clock: (R) CLK

                     Capture       Launch     
        Clock Edge:+   50000            0     
        Drv Adjust:+       0            5     
       Src Latency:+    1000         1250     
       Net Latency:+    1000 (I)     1000 (I) 
           Arrival:=   52000         2255     
                                              
      Output Delay:-   10000                  
       Uncertainty:-    1000                  
     Required Time:=   41000                  
      Launch Clock:-    2255                  
       Input Delay:-   10000                  
         Data Path:-    2035                  
             Slack:=   26709                  

Exceptions/Constraints:
  input_delay             10000            Port_E_constraints_s_line_75_4_1  
  output_delay            10000            Port_E_constraints_s_line_76_45_1 

#---------------------------------------------------------------------------------------------------------
#        Timing Point          Flags    Arc   Edge     Cell      Fanout Load Trans Delay Arrival Instance 
#                                                                       (fF)  (ps)  (ps)   (ps)  Location 
#---------------------------------------------------------------------------------------------------------
  IO_Addr[2]                   -       -      F     (arrival)         1  2.9    49     0   12255    (-,-) 
  IO_Addr[2]                   -       -      -     (net)             -    -     -     -       -    (-,-) 
  IO_Port_E_inst/g531__6417/ZN -       A2->ZN R     CLKNAND2HDV2      1  2.8    99    94   12349    (-,-) 
  IO_Port_E_inst/n_1           -       -      -     (net)             -    -     -     -       -    (-,-) 
  IO_Port_E_inst/g530__7410/ZN -       A1->ZN F     NOR3HDV2          3  4.8   174   139   12488    (-,-) 
  IO_Port_E_inst/n_2           -       -      -     (net)             -    -     -     -       -    (-,-) 
  IO_Port_E_inst/g528__2346/ZN -       A1->ZN F     INOR2HDV2         2  4.1   142   378   12866    (-,-) 
  IO_Port_E_inst/n_3           -       -      -     (net)             -    -     -     -       -    (-,-) 
  IO_Port_E_inst/g525__9315/ZN -       A1->ZN F     INOR2HDV2         5  9.5   206   411   13276    (-,-) 
  IO_Port_E_inst/n_6           -       -      -     (net)             -    -     -     -       -    (-,-) 
  IO_Port_E_inst/g521__5115/Z  -       B1->Z  F     AO222HDV1         1  2.2   222  1014   14291    (-,-) 
  dbus_out[1]                  -       -      -     (net)             -    -     -     -       -    (-,-) 
  dbus_out[1]                  -       -      F     (port)            -    -     -     0   14291    (-,-) 
#---------------------------------------------------------------------------------------------------------



Path 3: MET (26709 ps) Late External Delay Assertion at pin dbus_out[2]
           View: view_ss_v1p08_125c
          Group: CLK
     Startpoint: (F) IO_Addr[2]
          Clock: (R) CLK
       Endpoint: (F) dbus_out[2]
          Clock: (R) CLK

                     Capture       Launch     
        Clock Edge:+   50000            0     
        Drv Adjust:+       0            5     
       Src Latency:+    1000         1250     
       Net Latency:+    1000 (I)     1000 (I) 
           Arrival:=   52000         2255     
                                              
      Output Delay:-   10000                  
       Uncertainty:-    1000                  
     Required Time:=   41000                  
      Launch Clock:-    2255                  
       Input Delay:-   10000                  
         Data Path:-    2035                  
             Slack:=   26709                  

Exceptions/Constraints:
  input_delay             10000            Port_E_constraints_s_line_75_4_1  
  output_delay            10000            Port_E_constraints_s_line_76_44_1 

#---------------------------------------------------------------------------------------------------------
#        Timing Point          Flags    Arc   Edge     Cell      Fanout Load Trans Delay Arrival Instance 
#                                                                       (fF)  (ps)  (ps)   (ps)  Location 
#---------------------------------------------------------------------------------------------------------
  IO_Addr[2]                   -       -      F     (arrival)         1  2.9    49     0   12255    (-,-) 
  IO_Addr[2]                   -       -      -     (net)             -    -     -     -       -    (-,-) 
  IO_Port_E_inst/g531__6417/ZN -       A2->ZN R     CLKNAND2HDV2      1  2.8    99    94   12349    (-,-) 
  IO_Port_E_inst/n_1           -       -      -     (net)             -    -     -     -       -    (-,-) 
  IO_Port_E_inst/g530__7410/ZN -       A1->ZN F     NOR3HDV2          3  4.8   174   139   12488    (-,-) 
  IO_Port_E_inst/n_2           -       -      -     (net)             -    -     -     -       -    (-,-) 
  IO_Port_E_inst/g528__2346/ZN -       A1->ZN F     INOR2HDV2         2  4.1   142   378   12866    (-,-) 
  IO_Port_E_inst/n_3           -       -      -     (net)             -    -     -     -       -    (-,-) 
  IO_Port_E_inst/g525__9315/ZN -       A1->ZN F     INOR2HDV2         5  9.5   206   411   13276    (-,-) 
  IO_Port_E_inst/n_6           -       -      -     (net)             -    -     -     -       -    (-,-) 
  IO_Port_E_inst/g519__6131/Z  -       B1->Z  F     AO222HDV1         1  2.2   222  1014   14291    (-,-) 
  dbus_out[2]                  -       -      -     (net)             -    -     -     -       -    (-,-) 
  dbus_out[2]                  -       -      F     (port)            -    -     -     0   14291    (-,-) 
#---------------------------------------------------------------------------------------------------------



Path 4: MET (26709 ps) Late External Delay Assertion at pin dbus_out[3]
           View: view_ss_v1p08_125c
          Group: CLK
     Startpoint: (F) IO_Addr[2]
          Clock: (R) CLK
       Endpoint: (F) dbus_out[3]
          Clock: (R) CLK

                     Capture       Launch     
        Clock Edge:+   50000            0     
        Drv Adjust:+       0            5     
       Src Latency:+    1000         1250     
       Net Latency:+    1000 (I)     1000 (I) 
           Arrival:=   52000         2255     
                                              
      Output Delay:-   10000                  
       Uncertainty:-    1000                  
     Required Time:=   41000                  
      Launch Clock:-    2255                  
       Input Delay:-   10000                  
         Data Path:-    2035                  
             Slack:=   26709                  

Exceptions/Constraints:
  input_delay             10000            Port_E_constraints_s_line_75_4_1  
  output_delay            10000            Port_E_constraints_s_line_76_43_1 

#---------------------------------------------------------------------------------------------------------
#        Timing Point          Flags    Arc   Edge     Cell      Fanout Load Trans Delay Arrival Instance 
#                                                                       (fF)  (ps)  (ps)   (ps)  Location 
#---------------------------------------------------------------------------------------------------------
  IO_Addr[2]                   -       -      F     (arrival)         1  2.9    49     0   12255    (-,-) 
  IO_Addr[2]                   -       -      -     (net)             -    -     -     -       -    (-,-) 
  IO_Port_E_inst/g531__6417/ZN -       A2->ZN R     CLKNAND2HDV2      1  2.8    99    94   12349    (-,-) 
  IO_Port_E_inst/n_1           -       -      -     (net)             -    -     -     -       -    (-,-) 
  IO_Port_E_inst/g530__7410/ZN -       A1->ZN F     NOR3HDV2          3  4.8   174   139   12488    (-,-) 
  IO_Port_E_inst/n_2           -       -      -     (net)             -    -     -     -       -    (-,-) 
  IO_Port_E_inst/g528__2346/ZN -       A1->ZN F     INOR2HDV2         2  4.1   142   378   12866    (-,-) 
  IO_Port_E_inst/n_3           -       -      -     (net)             -    -     -     -       -    (-,-) 
  IO_Port_E_inst/g525__9315/ZN -       A1->ZN F     INOR2HDV2         5  9.5   206   411   13276    (-,-) 
  IO_Port_E_inst/n_6           -       -      -     (net)             -    -     -     -       -    (-,-) 
  IO_Port_E_inst/g518__7098/Z  -       B1->Z  F     AO222HDV1         1  2.2   222  1014   14291    (-,-) 
  dbus_out[3]                  -       -      -     (net)             -    -     -     -       -    (-,-) 
  dbus_out[3]                  -       -      F     (port)            -    -     -     0   14291    (-,-) 
#---------------------------------------------------------------------------------------------------------



Path 5: MET (26718 ps) Late External Delay Assertion at pin dbus_out[0]
           View: view_ss_v1p08_125c
          Group: CLK
     Startpoint: (F) IO_Addr[3]
          Clock: (R) CLK
       Endpoint: (F) dbus_out[0]
          Clock: (R) CLK

                     Capture       Launch     
        Clock Edge:+   50000            0     
        Drv Adjust:+       0            6     
       Src Latency:+    1000         1250     
       Net Latency:+    1000 (I)     1000 (I) 
           Arrival:=   52000         2256     
                                              
      Output Delay:-   10000                  
       Uncertainty:-    1000                  
     Required Time:=   41000                  
      Launch Clock:-    2256                  
       Input Delay:-   10000                  
         Data Path:-    2026                  
             Slack:=   26718                  

Exceptions/Constraints:
  input_delay             10000            Port_E_constraints_s_line_75_3_1  
  output_delay            10000            Port_E_constraints_s_line_76_46_1 

#---------------------------------------------------------------------------------------------------------
#        Timing Point          Flags    Arc   Edge     Cell      Fanout Load Trans Delay Arrival Instance 
#                                                                       (fF)  (ps)  (ps)   (ps)  Location 
#---------------------------------------------------------------------------------------------------------
  IO_Addr[3]                   -       -      F     (arrival)         1  3.0    49     0   12256    (-,-) 
  IO_Addr[3]                   -       -      -     (net)             -    -     -     -       -    (-,-) 
  IO_Port_E_inst/g531__6417/ZN -       A1->ZN R     CLKNAND2HDV2      1  2.8    99    85   12340    (-,-) 
  IO_Port_E_inst/n_1           -       -      -     (net)             -    -     -     -       -    (-,-) 
  IO_Port_E_inst/g530__7410/ZN -       A1->ZN F     NOR3HDV2          3  4.8   174   139   12479    (-,-) 
  IO_Port_E_inst/n_2           -       -      -     (net)             -    -     -     -       -    (-,-) 
  IO_Port_E_inst/g528__2346/ZN -       A1->ZN F     INOR2HDV2         2  4.1   142   378   12857    (-,-) 
  IO_Port_E_inst/n_3           -       -      -     (net)             -    -     -     -       -    (-,-) 
  IO_Port_E_inst/g525__9315/ZN -       A1->ZN F     INOR2HDV2         5  9.5   206   411   13268    (-,-) 
  IO_Port_E_inst/n_6           -       -      -     (net)             -    -     -     -       -    (-,-) 
  IO_Port_E_inst/g520__1881/Z  -       B1->Z  F     AO222HDV1         1  2.2   222  1014   14282    (-,-) 
  dbus_out[0]                  -       -      -     (net)             -    -     -     -       -    (-,-) 
  dbus_out[0]                  -       -      F     (port)            -    -     -     0   14282    (-,-) 
#---------------------------------------------------------------------------------------------------------



Path 6: MET (26718 ps) Late External Delay Assertion at pin dbus_out[1]
           View: view_ss_v1p08_125c
          Group: CLK
     Startpoint: (F) IO_Addr[3]
          Clock: (R) CLK
       Endpoint: (F) dbus_out[1]
          Clock: (R) CLK

                     Capture       Launch     
        Clock Edge:+   50000            0     
        Drv Adjust:+       0            6     
       Src Latency:+    1000         1250     
       Net Latency:+    1000 (I)     1000 (I) 
           Arrival:=   52000         2256     
                                              
      Output Delay:-   10000                  
       Uncertainty:-    1000                  
     Required Time:=   41000                  
      Launch Clock:-    2256                  
       Input Delay:-   10000                  
         Data Path:-    2026                  
             Slack:=   26718                  

Exceptions/Constraints:
  input_delay             10000            Port_E_constraints_s_line_75_3_1  
  output_delay            10000            Port_E_constraints_s_line_76_45_1 

#---------------------------------------------------------------------------------------------------------
#        Timing Point          Flags    Arc   Edge     Cell      Fanout Load Trans Delay Arrival Instance 
#                                                                       (fF)  (ps)  (ps)   (ps)  Location 
#---------------------------------------------------------------------------------------------------------
  IO_Addr[3]                   -       -      F     (arrival)         1  3.0    49     0   12256    (-,-) 
  IO_Addr[3]                   -       -      -     (net)             -    -     -     -       -    (-,-) 
  IO_Port_E_inst/g531__6417/ZN -       A1->ZN R     CLKNAND2HDV2      1  2.8    99    85   12340    (-,-) 
  IO_Port_E_inst/n_1           -       -      -     (net)             -    -     -     -       -    (-,-) 
  IO_Port_E_inst/g530__7410/ZN -       A1->ZN F     NOR3HDV2          3  4.8   174   139   12479    (-,-) 
  IO_Port_E_inst/n_2           -       -      -     (net)             -    -     -     -       -    (-,-) 
  IO_Port_E_inst/g528__2346/ZN -       A1->ZN F     INOR2HDV2         2  4.1   142   378   12857    (-,-) 
  IO_Port_E_inst/n_3           -       -      -     (net)             -    -     -     -       -    (-,-) 
  IO_Port_E_inst/g525__9315/ZN -       A1->ZN F     INOR2HDV2         5  9.5   206   411   13268    (-,-) 
  IO_Port_E_inst/n_6           -       -      -     (net)             -    -     -     -       -    (-,-) 
  IO_Port_E_inst/g521__5115/Z  -       B1->Z  F     AO222HDV1         1  2.2   222  1014   14282    (-,-) 
  dbus_out[1]                  -       -      -     (net)             -    -     -     -       -    (-,-) 
  dbus_out[1]                  -       -      F     (port)            -    -     -     0   14282    (-,-) 
#---------------------------------------------------------------------------------------------------------



Path 7: MET (26718 ps) Late External Delay Assertion at pin dbus_out[2]
           View: view_ss_v1p08_125c
          Group: CLK
     Startpoint: (F) IO_Addr[3]
          Clock: (R) CLK
       Endpoint: (F) dbus_out[2]
          Clock: (R) CLK

                     Capture       Launch     
        Clock Edge:+   50000            0     
        Drv Adjust:+       0            6     
       Src Latency:+    1000         1250     
       Net Latency:+    1000 (I)     1000 (I) 
           Arrival:=   52000         2256     
                                              
      Output Delay:-   10000                  
       Uncertainty:-    1000                  
     Required Time:=   41000                  
      Launch Clock:-    2256                  
       Input Delay:-   10000                  
         Data Path:-    2026                  
             Slack:=   26718                  

Exceptions/Constraints:
  input_delay             10000            Port_E_constraints_s_line_75_3_1  
  output_delay            10000            Port_E_constraints_s_line_76_44_1 

#---------------------------------------------------------------------------------------------------------
#        Timing Point          Flags    Arc   Edge     Cell      Fanout Load Trans Delay Arrival Instance 
#                                                                       (fF)  (ps)  (ps)   (ps)  Location 
#---------------------------------------------------------------------------------------------------------
  IO_Addr[3]                   -       -      F     (arrival)         1  3.0    49     0   12256    (-,-) 
  IO_Addr[3]                   -       -      -     (net)             -    -     -     -       -    (-,-) 
  IO_Port_E_inst/g531__6417/ZN -       A1->ZN R     CLKNAND2HDV2      1  2.8    99    85   12340    (-,-) 
  IO_Port_E_inst/n_1           -       -      -     (net)             -    -     -     -       -    (-,-) 
  IO_Port_E_inst/g530__7410/ZN -       A1->ZN F     NOR3HDV2          3  4.8   174   139   12479    (-,-) 
  IO_Port_E_inst/n_2           -       -      -     (net)             -    -     -     -       -    (-,-) 
  IO_Port_E_inst/g528__2346/ZN -       A1->ZN F     INOR2HDV2         2  4.1   142   378   12857    (-,-) 
  IO_Port_E_inst/n_3           -       -      -     (net)             -    -     -     -       -    (-,-) 
  IO_Port_E_inst/g525__9315/ZN -       A1->ZN F     INOR2HDV2         5  9.5   206   411   13268    (-,-) 
  IO_Port_E_inst/n_6           -       -      -     (net)             -    -     -     -       -    (-,-) 
  IO_Port_E_inst/g519__6131/Z  -       B1->Z  F     AO222HDV1         1  2.2   222  1014   14282    (-,-) 
  dbus_out[2]                  -       -      -     (net)             -    -     -     -       -    (-,-) 
  dbus_out[2]                  -       -      F     (port)            -    -     -     0   14282    (-,-) 
#---------------------------------------------------------------------------------------------------------



Path 8: MET (26718 ps) Late External Delay Assertion at pin dbus_out[3]
           View: view_ss_v1p08_125c
          Group: CLK
     Startpoint: (F) IO_Addr[3]
          Clock: (R) CLK
       Endpoint: (F) dbus_out[3]
          Clock: (R) CLK

                     Capture       Launch     
        Clock Edge:+   50000            0     
        Drv Adjust:+       0            6     
       Src Latency:+    1000         1250     
       Net Latency:+    1000 (I)     1000 (I) 
           Arrival:=   52000         2256     
                                              
      Output Delay:-   10000                  
       Uncertainty:-    1000                  
     Required Time:=   41000                  
      Launch Clock:-    2256                  
       Input Delay:-   10000                  
         Data Path:-    2026                  
             Slack:=   26718                  

Exceptions/Constraints:
  input_delay             10000            Port_E_constraints_s_line_75_3_1  
  output_delay            10000            Port_E_constraints_s_line_76_43_1 

#---------------------------------------------------------------------------------------------------------
#        Timing Point          Flags    Arc   Edge     Cell      Fanout Load Trans Delay Arrival Instance 
#                                                                       (fF)  (ps)  (ps)   (ps)  Location 
#---------------------------------------------------------------------------------------------------------
  IO_Addr[3]                   -       -      F     (arrival)         1  3.0    49     0   12256    (-,-) 
  IO_Addr[3]                   -       -      -     (net)             -    -     -     -       -    (-,-) 
  IO_Port_E_inst/g531__6417/ZN -       A1->ZN R     CLKNAND2HDV2      1  2.8    99    85   12340    (-,-) 
  IO_Port_E_inst/n_1           -       -      -     (net)             -    -     -     -       -    (-,-) 
  IO_Port_E_inst/g530__7410/ZN -       A1->ZN F     NOR3HDV2          3  4.8   174   139   12479    (-,-) 
  IO_Port_E_inst/n_2           -       -      -     (net)             -    -     -     -       -    (-,-) 
  IO_Port_E_inst/g528__2346/ZN -       A1->ZN F     INOR2HDV2         2  4.1   142   378   12857    (-,-) 
  IO_Port_E_inst/n_3           -       -      -     (net)             -    -     -     -       -    (-,-) 
  IO_Port_E_inst/g525__9315/ZN -       A1->ZN F     INOR2HDV2         5  9.5   206   411   13268    (-,-) 
  IO_Port_E_inst/n_6           -       -      -     (net)             -    -     -     -       -    (-,-) 
  IO_Port_E_inst/g518__7098/Z  -       B1->Z  F     AO222HDV1         1  2.2   222  1014   14282    (-,-) 
  dbus_out[3]                  -       -      -     (net)             -    -     -     -       -    (-,-) 
  dbus_out[3]                  -       -      F     (port)            -    -     -     0   14282    (-,-) 
#---------------------------------------------------------------------------------------------------------



Path 9: MET (26790 ps) Late External Delay Assertion at pin dbus_out[0]
           View: view_ss_v1p08_125c
          Group: CLK
     Startpoint: (R) IO_Addr[2]
          Clock: (R) CLK
       Endpoint: (R) dbus_out[0]
          Clock: (R) CLK

                     Capture       Launch     
        Clock Edge:+   50000            0     
        Drv Adjust:+       0            7     
       Src Latency:+    1000         1250     
       Net Latency:+    1000 (I)     1000 (I) 
           Arrival:=   52000         2257     
                                              
      Output Delay:-   10000                  
       Uncertainty:-    1000                  
     Required Time:=   41000                  
      Launch Clock:-    2257                  
       Input Delay:-   10000                  
         Data Path:-    1953                  
             Slack:=   26790                  

Exceptions/Constraints:
  input_delay             10000            Port_E_constraints_s_line_75_4_1  
  output_delay            10000            Port_E_constraints_s_line_76_46_1 

#---------------------------------------------------------------------------------------------------------
#        Timing Point          Flags    Arc   Edge     Cell      Fanout Load Trans Delay Arrival Instance 
#                                                                       (fF)  (ps)  (ps)   (ps)  Location 
#---------------------------------------------------------------------------------------------------------
  IO_Addr[2]                   -       -      R     (arrival)         1  3.1    55     0   12257    (-,-) 
  IO_Addr[2]                   -       -      -     (net)             -    -     -     -       -    (-,-) 
  IO_Port_E_inst/g531__6417/ZN -       A2->ZN F     CLKNAND2HDV2      1  2.4   113   123   12380    (-,-) 
  IO_Port_E_inst/n_1           -       -      -     (net)             -    -     -     -       -    (-,-) 
  IO_Port_E_inst/g530__7410/ZN -       A1->ZN R     NOR3HDV2          3  4.8   395   290   12670    (-,-) 
  IO_Port_E_inst/n_2           -       -      -     (net)             -    -     -     -       -    (-,-) 
  IO_Port_E_inst/g528__2346/ZN -       A1->ZN R     INOR2HDV2         2  4.2   234   445   13115    (-,-) 
  IO_Port_E_inst/n_3           -       -      -     (net)             -    -     -     -       -    (-,-) 
  IO_Port_E_inst/g525__9315/ZN -       A1->ZN R     INOR2HDV2         5  9.9   397   476   13592    (-,-) 
  IO_Port_E_inst/n_6           -       -      -     (net)             -    -     -     -       -    (-,-) 
  IO_Port_E_inst/g520__1881/Z  -       B1->Z  R     AO222HDV1         1  2.2   175   619   14210    (-,-) 
  dbus_out[0]                  -       -      -     (net)             -    -     -     -       -    (-,-) 
  dbus_out[0]                  -       -      R     (port)            -    -     -     0   14210    (-,-) 
#---------------------------------------------------------------------------------------------------------



Path 10: MET (26790 ps) Late External Delay Assertion at pin dbus_out[1]
           View: view_ss_v1p08_125c
          Group: CLK
     Startpoint: (R) IO_Addr[2]
          Clock: (R) CLK
       Endpoint: (R) dbus_out[1]
          Clock: (R) CLK

                     Capture       Launch     
        Clock Edge:+   50000            0     
        Drv Adjust:+       0            7     
       Src Latency:+    1000         1250     
       Net Latency:+    1000 (I)     1000 (I) 
           Arrival:=   52000         2257     
                                              
      Output Delay:-   10000                  
       Uncertainty:-    1000                  
     Required Time:=   41000                  
      Launch Clock:-    2257                  
       Input Delay:-   10000                  
         Data Path:-    1953                  
             Slack:=   26790                  

Exceptions/Constraints:
  input_delay             10000            Port_E_constraints_s_line_75_4_1  
  output_delay            10000            Port_E_constraints_s_line_76_45_1 

#---------------------------------------------------------------------------------------------------------
#        Timing Point          Flags    Arc   Edge     Cell      Fanout Load Trans Delay Arrival Instance 
#                                                                       (fF)  (ps)  (ps)   (ps)  Location 
#---------------------------------------------------------------------------------------------------------
  IO_Addr[2]                   -       -      R     (arrival)         1  3.1    55     0   12257    (-,-) 
  IO_Addr[2]                   -       -      -     (net)             -    -     -     -       -    (-,-) 
  IO_Port_E_inst/g531__6417/ZN -       A2->ZN F     CLKNAND2HDV2      1  2.4   113   123   12380    (-,-) 
  IO_Port_E_inst/n_1           -       -      -     (net)             -    -     -     -       -    (-,-) 
  IO_Port_E_inst/g530__7410/ZN -       A1->ZN R     NOR3HDV2          3  4.8   395   290   12670    (-,-) 
  IO_Port_E_inst/n_2           -       -      -     (net)             -    -     -     -       -    (-,-) 
  IO_Port_E_inst/g528__2346/ZN -       A1->ZN R     INOR2HDV2         2  4.2   234   445   13115    (-,-) 
  IO_Port_E_inst/n_3           -       -      -     (net)             -    -     -     -       -    (-,-) 
  IO_Port_E_inst/g525__9315/ZN -       A1->ZN R     INOR2HDV2         5  9.9   397   476   13592    (-,-) 
  IO_Port_E_inst/n_6           -       -      -     (net)             -    -     -     -       -    (-,-) 
  IO_Port_E_inst/g521__5115/Z  -       B1->Z  R     AO222HDV1         1  2.2   175   619   14210    (-,-) 
  dbus_out[1]                  -       -      -     (net)             -    -     -     -       -    (-,-) 
  dbus_out[1]                  -       -      R     (port)            -    -     -     0   14210    (-,-) 
#---------------------------------------------------------------------------------------------------------

