============================================================
  Generated by:           Genus(TM) Synthesis Solution 22.10-p001_1
  Generated on:           Mar 12 2025  11:47:47 pm
  Module:                 Port_E
  Operating conditions:   ss_v1p08_125c (balanced_tree)
  Operating conditions:   ff_v1p32_-40c (balanced_tree)
  Operating conditions:   tt_v1p5_25c (balanced_tree)
  Wireload mode:          enclosed
  Area mode:              timing library
============================================================

Timing
--------

   Analysis view   Clock  Period 
---------------------------------
view_ss_v1p08_125c CLK   50000.0 
view_ff_v1p32      CLK   50000.0 
view_tt_v1p5_25c   CLK   50000.0 


     Analysis        Cost   Critical        Violating 
       View         Group  Path Slack  TNS    Paths   
------------------------------------------------------
view_ss_v1p08_125c     CLK    26709.4  0.0          0 
                   default   No paths  0.0          0 
------------------------------------------------------
Total                                 -0.0          0 
                                                      
view_ff_v1p32          CLK    28149.7  0.0          0 
                   default   No paths  0.0          0 
------------------------------------------------------
Total                                 -0.0          0 
                                                      
view_tt_v1p5_25c       CLK    28072.3  0.0          0 
                   default   No paths  0.0          0 
------------------------------------------------------
Total                                 -0.0          0 
                                                      

Instance Count
--------------
Leaf Instance Count             68 
Physical Instance count          0 
Sequential Instance Count       16 
Combinational Instance Count    52 
Hierarchical Instance Count      4 

Area
----
Cell Area                          894.292
Physical Cell Area                 0.000
Total Cell Area (Cell+Physical)    894.292
Net Area                           0.000
Total Area (Cell+Physical+Net)     894.292

Max Fanout                         16 (cp2)
Min Fanout                         0 (dbus_in[7])
Average Fanout                     1.9
Terms to net ratio                 2.4018
Terms to instance ratio            3.9559
Runtime                            14.86393 seconds
Elapsed Runtime                    11 seconds
Genus peak memory usage            2213.27 
Innovus peak memory usage          no_value 
Hostname                           esidcad1.ee.eng.chula.ac.th
