============================================================
  Generated by:           Genus(TM) Synthesis Solution 22.10-p001_1
  Generated on:           Mar 12 2025  11:47:47 pm
  Module:                 Port_E
  Operating conditions:   ss_v1p08_125c (balanced_tree)
  Operating conditions:   ff_v1p32_-40c (balanced_tree)
  Operating conditions:   tt_v1p5_25c (balanced_tree)
  Wireload mode:          enclosed
  Area mode:              timing library
============================================================


Path 1: MET (28150 ps) Late External Delay Assertion at pin dbus_out[0]
           View: view_ff_v1p32
          Group: CLK
     Startpoint: (F) IO_Addr[2]
          Clock: (R) CLK
       Endpoint: (F) dbus_out[0]
          Clock: (R) CLK

                     Capture       Launch     
        Clock Edge:+   50000            0     
        Drv Adjust:+       0            2     
       Src Latency:+    1000         1250     
       Net Latency:+    1000 (I)     1000 (I) 
           Arrival:=   52000         2252     
                                              
      Output Delay:-   10000                  
       Uncertainty:-    1000                  
     Required Time:=   41000                  
      Launch Clock:-    2252                  
       Input Delay:-   10000                  
         Data Path:-     598                  
             Slack:=   28150                  

Exceptions/Constraints:
  input_delay             10000            Port_E_constraints_f_line_75_69_1  
  output_delay            10000            Port_E_constraints_f_line_76_111_1 

#---------------------------------------------------------------------------------------------------------
#        Timing Point          Flags    Arc   Edge     Cell      Fanout Load Trans Delay Arrival Instance 
#                                                                       (fF)  (ps)  (ps)   (ps)  Location 
#---------------------------------------------------------------------------------------------------------
  IO_Addr[2]                   -       -      F     (arrival)         1  3.3    17     0   12252    (-,-) 
  IO_Addr[2]                   -       -      -     (net)             -    -     -     -       -    (-,-) 
  IO_Port_E_inst/g531__6417/ZN -       A2->ZN R     CLKNAND2HDV2      1  3.3    41    35   12287    (-,-) 
  IO_Port_E_inst/n_1           -       -      -     (net)             -    -     -     -       -    (-,-) 
  IO_Port_E_inst/g530__7410/ZN -       A1->ZN F     NOR3HDV2          3  5.7    58    45   12332    (-,-) 
  IO_Port_E_inst/n_2           -       -      -     (net)             -    -     -     -       -    (-,-) 
  IO_Port_E_inst/g528__2346/ZN -       A1->ZN F     INOR2HDV2         2  4.9    48   115   12447    (-,-) 
  IO_Port_E_inst/n_3           -       -      -     (net)             -    -     -     -       -    (-,-) 
  IO_Port_E_inst/g525__9315/ZN -       A1->ZN F     INOR2HDV2         5 11.2    70   130   12577    (-,-) 
  IO_Port_E_inst/n_6           -       -      -     (net)             -    -     -     -       -    (-,-) 
  IO_Port_E_inst/g520__1881/Z  -       B1->Z  F     AO222HDV1         1  2.2    70   274   12850    (-,-) 
  dbus_out[0]                  -       -      -     (net)             -    -     -     -       -    (-,-) 
  dbus_out[0]                  -       -      F     (port)            -    -     -     0   12850    (-,-) 
#---------------------------------------------------------------------------------------------------------



Path 2: MET (28150 ps) Late External Delay Assertion at pin dbus_out[1]
           View: view_ff_v1p32
          Group: CLK
     Startpoint: (F) IO_Addr[2]
          Clock: (R) CLK
       Endpoint: (F) dbus_out[1]
          Clock: (R) CLK

                     Capture       Launch     
        Clock Edge:+   50000            0     
        Drv Adjust:+       0            2     
       Src Latency:+    1000         1250     
       Net Latency:+    1000 (I)     1000 (I) 
           Arrival:=   52000         2252     
                                              
      Output Delay:-   10000                  
       Uncertainty:-    1000                  
     Required Time:=   41000                  
      Launch Clock:-    2252                  
       Input Delay:-   10000                  
         Data Path:-     598                  
             Slack:=   28150                  

Exceptions/Constraints:
  input_delay             10000            Port_E_constraints_f_line_75_69_1  
  output_delay            10000            Port_E_constraints_f_line_76_110_1 

#---------------------------------------------------------------------------------------------------------
#        Timing Point          Flags    Arc   Edge     Cell      Fanout Load Trans Delay Arrival Instance 
#                                                                       (fF)  (ps)  (ps)   (ps)  Location 
#---------------------------------------------------------------------------------------------------------
  IO_Addr[2]                   -       -      F     (arrival)         1  3.3    17     0   12252    (-,-) 
  IO_Addr[2]                   -       -      -     (net)             -    -     -     -       -    (-,-) 
  IO_Port_E_inst/g531__6417/ZN -       A2->ZN R     CLKNAND2HDV2      1  3.3    41    35   12287    (-,-) 
  IO_Port_E_inst/n_1           -       -      -     (net)             -    -     -     -       -    (-,-) 
  IO_Port_E_inst/g530__7410/ZN -       A1->ZN F     NOR3HDV2          3  5.7    58    45   12332    (-,-) 
  IO_Port_E_inst/n_2           -       -      -     (net)             -    -     -     -       -    (-,-) 
  IO_Port_E_inst/g528__2346/ZN -       A1->ZN F     INOR2HDV2         2  4.9    48   115   12447    (-,-) 
  IO_Port_E_inst/n_3           -       -      -     (net)             -    -     -     -       -    (-,-) 
  IO_Port_E_inst/g525__9315/ZN -       A1->ZN F     INOR2HDV2         5 11.2    70   130   12577    (-,-) 
  IO_Port_E_inst/n_6           -       -      -     (net)             -    -     -     -       -    (-,-) 
  IO_Port_E_inst/g521__5115/Z  -       B1->Z  F     AO222HDV1         1  2.2    70   274   12850    (-,-) 
  dbus_out[1]                  -       -      -     (net)             -    -     -     -       -    (-,-) 
  dbus_out[1]                  -       -      F     (port)            -    -     -     0   12850    (-,-) 
#---------------------------------------------------------------------------------------------------------



Path 3: MET (28150 ps) Late External Delay Assertion at pin dbus_out[2]
           View: view_ff_v1p32
          Group: CLK
     Startpoint: (F) IO_Addr[2]
          Clock: (R) CLK
       Endpoint: (F) dbus_out[2]
          Clock: (R) CLK

                     Capture       Launch     
        Clock Edge:+   50000            0     
        Drv Adjust:+       0            2     
       Src Latency:+    1000         1250     
       Net Latency:+    1000 (I)     1000 (I) 
           Arrival:=   52000         2252     
                                              
      Output Delay:-   10000                  
       Uncertainty:-    1000                  
     Required Time:=   41000                  
      Launch Clock:-    2252                  
       Input Delay:-   10000                  
         Data Path:-     598                  
             Slack:=   28150                  

Exceptions/Constraints:
  input_delay             10000            Port_E_constraints_f_line_75_69_1  
  output_delay            10000            Port_E_constraints_f_line_76_109_1 

#---------------------------------------------------------------------------------------------------------
#        Timing Point          Flags    Arc   Edge     Cell      Fanout Load Trans Delay Arrival Instance 
#                                                                       (fF)  (ps)  (ps)   (ps)  Location 
#---------------------------------------------------------------------------------------------------------
  IO_Addr[2]                   -       -      F     (arrival)         1  3.3    17     0   12252    (-,-) 
  IO_Addr[2]                   -       -      -     (net)             -    -     -     -       -    (-,-) 
  IO_Port_E_inst/g531__6417/ZN -       A2->ZN R     CLKNAND2HDV2      1  3.3    41    35   12287    (-,-) 
  IO_Port_E_inst/n_1           -       -      -     (net)             -    -     -     -       -    (-,-) 
  IO_Port_E_inst/g530__7410/ZN -       A1->ZN F     NOR3HDV2          3  5.7    58    45   12332    (-,-) 
  IO_Port_E_inst/n_2           -       -      -     (net)             -    -     -     -       -    (-,-) 
  IO_Port_E_inst/g528__2346/ZN -       A1->ZN F     INOR2HDV2         2  4.9    48   115   12447    (-,-) 
  IO_Port_E_inst/n_3           -       -      -     (net)             -    -     -     -       -    (-,-) 
  IO_Port_E_inst/g525__9315/ZN -       A1->ZN F     INOR2HDV2         5 11.2    70   130   12577    (-,-) 
  IO_Port_E_inst/n_6           -       -      -     (net)             -    -     -     -       -    (-,-) 
  IO_Port_E_inst/g519__6131/Z  -       B1->Z  F     AO222HDV1         1  2.2    70   274   12850    (-,-) 
  dbus_out[2]                  -       -      -     (net)             -    -     -     -       -    (-,-) 
  dbus_out[2]                  -       -      F     (port)            -    -     -     0   12850    (-,-) 
#---------------------------------------------------------------------------------------------------------



Path 4: MET (28150 ps) Late External Delay Assertion at pin dbus_out[3]
           View: view_ff_v1p32
          Group: CLK
     Startpoint: (F) IO_Addr[2]
          Clock: (R) CLK
       Endpoint: (F) dbus_out[3]
          Clock: (R) CLK

                     Capture       Launch     
        Clock Edge:+   50000            0     
        Drv Adjust:+       0            2     
       Src Latency:+    1000         1250     
       Net Latency:+    1000 (I)     1000 (I) 
           Arrival:=   52000         2252     
                                              
      Output Delay:-   10000                  
       Uncertainty:-    1000                  
     Required Time:=   41000                  
      Launch Clock:-    2252                  
       Input Delay:-   10000                  
         Data Path:-     598                  
             Slack:=   28150                  

Exceptions/Constraints:
  input_delay             10000            Port_E_constraints_f_line_75_69_1  
  output_delay            10000            Port_E_constraints_f_line_76_108_1 

#---------------------------------------------------------------------------------------------------------
#        Timing Point          Flags    Arc   Edge     Cell      Fanout Load Trans Delay Arrival Instance 
#                                                                       (fF)  (ps)  (ps)   (ps)  Location 
#---------------------------------------------------------------------------------------------------------
  IO_Addr[2]                   -       -      F     (arrival)         1  3.3    17     0   12252    (-,-) 
  IO_Addr[2]                   -       -      -     (net)             -    -     -     -       -    (-,-) 
  IO_Port_E_inst/g531__6417/ZN -       A2->ZN R     CLKNAND2HDV2      1  3.3    41    35   12287    (-,-) 
  IO_Port_E_inst/n_1           -       -      -     (net)             -    -     -     -       -    (-,-) 
  IO_Port_E_inst/g530__7410/ZN -       A1->ZN F     NOR3HDV2          3  5.7    58    45   12332    (-,-) 
  IO_Port_E_inst/n_2           -       -      -     (net)             -    -     -     -       -    (-,-) 
  IO_Port_E_inst/g528__2346/ZN -       A1->ZN F     INOR2HDV2         2  4.9    48   115   12447    (-,-) 
  IO_Port_E_inst/n_3           -       -      -     (net)             -    -     -     -       -    (-,-) 
  IO_Port_E_inst/g525__9315/ZN -       A1->ZN F     INOR2HDV2         5 11.2    70   130   12577    (-,-) 
  IO_Port_E_inst/n_6           -       -      -     (net)             -    -     -     -       -    (-,-) 
  IO_Port_E_inst/g518__7098/Z  -       B1->Z  F     AO222HDV1         1  2.2    70   274   12850    (-,-) 
  dbus_out[3]                  -       -      -     (net)             -    -     -     -       -    (-,-) 
  dbus_out[3]                  -       -      F     (port)            -    -     -     0   12850    (-,-) 
#---------------------------------------------------------------------------------------------------------



Path 5: MET (28154 ps) Late External Delay Assertion at pin dbus_out[0]
           View: view_ff_v1p32
          Group: CLK
     Startpoint: (F) IO_Addr[3]
          Clock: (R) CLK
       Endpoint: (F) dbus_out[0]
          Clock: (R) CLK

                     Capture       Launch     
        Clock Edge:+   50000            0     
        Drv Adjust:+       0            2     
       Src Latency:+    1000         1250     
       Net Latency:+    1000 (I)     1000 (I) 
           Arrival:=   52000         2252     
                                              
      Output Delay:-   10000                  
       Uncertainty:-    1000                  
     Required Time:=   41000                  
      Launch Clock:-    2252                  
       Input Delay:-   10000                  
         Data Path:-     594                  
             Slack:=   28154                  

Exceptions/Constraints:
  input_delay             10000            Port_E_constraints_f_line_75_68_1  
  output_delay            10000            Port_E_constraints_f_line_76_111_1 

#---------------------------------------------------------------------------------------------------------
#        Timing Point          Flags    Arc   Edge     Cell      Fanout Load Trans Delay Arrival Instance 
#                                                                       (fF)  (ps)  (ps)   (ps)  Location 
#---------------------------------------------------------------------------------------------------------
  IO_Addr[3]                   -       -      F     (arrival)         1  3.5    18     0   12252    (-,-) 
  IO_Addr[3]                   -       -      -     (net)             -    -     -     -       -    (-,-) 
  IO_Port_E_inst/g531__6417/ZN -       A1->ZN R     CLKNAND2HDV2      1  3.3    41    31   12283    (-,-) 
  IO_Port_E_inst/n_1           -       -      -     (net)             -    -     -     -       -    (-,-) 
  IO_Port_E_inst/g530__7410/ZN -       A1->ZN F     NOR3HDV2          3  5.7    58    45   12328    (-,-) 
  IO_Port_E_inst/n_2           -       -      -     (net)             -    -     -     -       -    (-,-) 
  IO_Port_E_inst/g528__2346/ZN -       A1->ZN F     INOR2HDV2         2  4.9    48   115   12443    (-,-) 
  IO_Port_E_inst/n_3           -       -      -     (net)             -    -     -     -       -    (-,-) 
  IO_Port_E_inst/g525__9315/ZN -       A1->ZN F     INOR2HDV2         5 11.2    70   130   12573    (-,-) 
  IO_Port_E_inst/n_6           -       -      -     (net)             -    -     -     -       -    (-,-) 
  IO_Port_E_inst/g520__1881/Z  -       B1->Z  F     AO222HDV1         1  2.2    70   274   12846    (-,-) 
  dbus_out[0]                  -       -      -     (net)             -    -     -     -       -    (-,-) 
  dbus_out[0]                  -       -      F     (port)            -    -     -     0   12846    (-,-) 
#---------------------------------------------------------------------------------------------------------



Path 6: MET (28154 ps) Late External Delay Assertion at pin dbus_out[1]
           View: view_ff_v1p32
          Group: CLK
     Startpoint: (F) IO_Addr[3]
          Clock: (R) CLK
       Endpoint: (F) dbus_out[1]
          Clock: (R) CLK

                     Capture       Launch     
        Clock Edge:+   50000            0     
        Drv Adjust:+       0            2     
       Src Latency:+    1000         1250     
       Net Latency:+    1000 (I)     1000 (I) 
           Arrival:=   52000         2252     
                                              
      Output Delay:-   10000                  
       Uncertainty:-    1000                  
     Required Time:=   41000                  
      Launch Clock:-    2252                  
       Input Delay:-   10000                  
         Data Path:-     594                  
             Slack:=   28154                  

Exceptions/Constraints:
  input_delay             10000            Port_E_constraints_f_line_75_68_1  
  output_delay            10000            Port_E_constraints_f_line_76_110_1 

#---------------------------------------------------------------------------------------------------------
#        Timing Point          Flags    Arc   Edge     Cell      Fanout Load Trans Delay Arrival Instance 
#                                                                       (fF)  (ps)  (ps)   (ps)  Location 
#---------------------------------------------------------------------------------------------------------
  IO_Addr[3]                   -       -      F     (arrival)         1  3.5    18     0   12252    (-,-) 
  IO_Addr[3]                   -       -      -     (net)             -    -     -     -       -    (-,-) 
  IO_Port_E_inst/g531__6417/ZN -       A1->ZN R     CLKNAND2HDV2      1  3.3    41    31   12283    (-,-) 
  IO_Port_E_inst/n_1           -       -      -     (net)             -    -     -     -       -    (-,-) 
  IO_Port_E_inst/g530__7410/ZN -       A1->ZN F     NOR3HDV2          3  5.7    58    45   12328    (-,-) 
  IO_Port_E_inst/n_2           -       -      -     (net)             -    -     -     -       -    (-,-) 
  IO_Port_E_inst/g528__2346/ZN -       A1->ZN F     INOR2HDV2         2  4.9    48   115   12443    (-,-) 
  IO_Port_E_inst/n_3           -       -      -     (net)             -    -     -     -       -    (-,-) 
  IO_Port_E_inst/g525__9315/ZN -       A1->ZN F     INOR2HDV2         5 11.2    70   130   12573    (-,-) 
  IO_Port_E_inst/n_6           -       -      -     (net)             -    -     -     -       -    (-,-) 
  IO_Port_E_inst/g521__5115/Z  -       B1->Z  F     AO222HDV1         1  2.2    70   274   12846    (-,-) 
  dbus_out[1]                  -       -      -     (net)             -    -     -     -       -    (-,-) 
  dbus_out[1]                  -       -      F     (port)            -    -     -     0   12846    (-,-) 
#---------------------------------------------------------------------------------------------------------



Path 7: MET (28154 ps) Late External Delay Assertion at pin dbus_out[2]
           View: view_ff_v1p32
          Group: CLK
     Startpoint: (F) IO_Addr[3]
          Clock: (R) CLK
       Endpoint: (F) dbus_out[2]
          Clock: (R) CLK

                     Capture       Launch     
        Clock Edge:+   50000            0     
        Drv Adjust:+       0            2     
       Src Latency:+    1000         1250     
       Net Latency:+    1000 (I)     1000 (I) 
           Arrival:=   52000         2252     
                                              
      Output Delay:-   10000                  
       Uncertainty:-    1000                  
     Required Time:=   41000                  
      Launch Clock:-    2252                  
       Input Delay:-   10000                  
         Data Path:-     594                  
             Slack:=   28154                  

Exceptions/Constraints:
  input_delay             10000            Port_E_constraints_f_line_75_68_1  
  output_delay            10000            Port_E_constraints_f_line_76_109_1 

#---------------------------------------------------------------------------------------------------------
#        Timing Point          Flags    Arc   Edge     Cell      Fanout Load Trans Delay Arrival Instance 
#                                                                       (fF)  (ps)  (ps)   (ps)  Location 
#---------------------------------------------------------------------------------------------------------
  IO_Addr[3]                   -       -      F     (arrival)         1  3.5    18     0   12252    (-,-) 
  IO_Addr[3]                   -       -      -     (net)             -    -     -     -       -    (-,-) 
  IO_Port_E_inst/g531__6417/ZN -       A1->ZN R     CLKNAND2HDV2      1  3.3    41    31   12283    (-,-) 
  IO_Port_E_inst/n_1           -       -      -     (net)             -    -     -     -       -    (-,-) 
  IO_Port_E_inst/g530__7410/ZN -       A1->ZN F     NOR3HDV2          3  5.7    58    45   12328    (-,-) 
  IO_Port_E_inst/n_2           -       -      -     (net)             -    -     -     -       -    (-,-) 
  IO_Port_E_inst/g528__2346/ZN -       A1->ZN F     INOR2HDV2         2  4.9    48   115   12443    (-,-) 
  IO_Port_E_inst/n_3           -       -      -     (net)             -    -     -     -       -    (-,-) 
  IO_Port_E_inst/g525__9315/ZN -       A1->ZN F     INOR2HDV2         5 11.2    70   130   12573    (-,-) 
  IO_Port_E_inst/n_6           -       -      -     (net)             -    -     -     -       -    (-,-) 
  IO_Port_E_inst/g519__6131/Z  -       B1->Z  F     AO222HDV1         1  2.2    70   274   12846    (-,-) 
  dbus_out[2]                  -       -      -     (net)             -    -     -     -       -    (-,-) 
  dbus_out[2]                  -       -      F     (port)            -    -     -     0   12846    (-,-) 
#---------------------------------------------------------------------------------------------------------



Path 8: MET (28154 ps) Late External Delay Assertion at pin dbus_out[3]
           View: view_ff_v1p32
          Group: CLK
     Startpoint: (F) IO_Addr[3]
          Clock: (R) CLK
       Endpoint: (F) dbus_out[3]
          Clock: (R) CLK

                     Capture       Launch     
        Clock Edge:+   50000            0     
        Drv Adjust:+       0            2     
       Src Latency:+    1000         1250     
       Net Latency:+    1000 (I)     1000 (I) 
           Arrival:=   52000         2252     
                                              
      Output Delay:-   10000                  
       Uncertainty:-    1000                  
     Required Time:=   41000                  
      Launch Clock:-    2252                  
       Input Delay:-   10000                  
         Data Path:-     594                  
             Slack:=   28154                  

Exceptions/Constraints:
  input_delay             10000            Port_E_constraints_f_line_75_68_1  
  output_delay            10000            Port_E_constraints_f_line_76_108_1 

#---------------------------------------------------------------------------------------------------------
#        Timing Point          Flags    Arc   Edge     Cell      Fanout Load Trans Delay Arrival Instance 
#                                                                       (fF)  (ps)  (ps)   (ps)  Location 
#---------------------------------------------------------------------------------------------------------
  IO_Addr[3]                   -       -      F     (arrival)         1  3.5    18     0   12252    (-,-) 
  IO_Addr[3]                   -       -      -     (net)             -    -     -     -       -    (-,-) 
  IO_Port_E_inst/g531__6417/ZN -       A1->ZN R     CLKNAND2HDV2      1  3.3    41    31   12283    (-,-) 
  IO_Port_E_inst/n_1           -       -      -     (net)             -    -     -     -       -    (-,-) 
  IO_Port_E_inst/g530__7410/ZN -       A1->ZN F     NOR3HDV2          3  5.7    58    45   12328    (-,-) 
  IO_Port_E_inst/n_2           -       -      -     (net)             -    -     -     -       -    (-,-) 
  IO_Port_E_inst/g528__2346/ZN -       A1->ZN F     INOR2HDV2         2  4.9    48   115   12443    (-,-) 
  IO_Port_E_inst/n_3           -       -      -     (net)             -    -     -     -       -    (-,-) 
  IO_Port_E_inst/g525__9315/ZN -       A1->ZN F     INOR2HDV2         5 11.2    70   130   12573    (-,-) 
  IO_Port_E_inst/n_6           -       -      -     (net)             -    -     -     -       -    (-,-) 
  IO_Port_E_inst/g518__7098/Z  -       B1->Z  F     AO222HDV1         1  2.2    70   274   12846    (-,-) 
  dbus_out[3]                  -       -      -     (net)             -    -     -     -       -    (-,-) 
  dbus_out[3]                  -       -      F     (port)            -    -     -     0   12846    (-,-) 
#---------------------------------------------------------------------------------------------------------



Path 9: MET (28180 ps) Late External Delay Assertion at pin dbus_out[0]
           View: view_ff_v1p32
          Group: CLK
     Startpoint: (F) IO_Addr[2]
          Clock: (R) CLK
       Endpoint: (F) dbus_out[0]
          Clock: (R) CLK

                     Capture       Launch     
        Clock Edge:+   50000            0     
        Drv Adjust:+       0            2     
       Src Latency:+    1000         1250     
       Net Latency:+    1000 (I)     1000 (I) 
           Arrival:=   52000         2252     
                                              
      Output Delay:-   10000                  
       Uncertainty:-    1000                  
     Required Time:=   41000                  
      Launch Clock:-    2252                  
       Input Delay:-   10000                  
         Data Path:-     568                  
             Slack:=   28180                  

Exceptions/Constraints:
  input_delay             10000            Port_E_constraints_f_line_75_69_1  
  output_delay            10000            Port_E_constraints_f_line_76_111_1 

#---------------------------------------------------------------------------------------------------------
#        Timing Point          Flags    Arc   Edge     Cell      Fanout Load Trans Delay Arrival Instance 
#                                                                       (fF)  (ps)  (ps)   (ps)  Location 
#---------------------------------------------------------------------------------------------------------
  IO_Addr[2]                   -       -      F     (arrival)         1  3.3    17     0   12252    (-,-) 
  IO_Addr[2]                   -       -      -     (net)             -    -     -     -       -    (-,-) 
  IO_Port_E_inst/g531__6417/ZN -       A2->ZN R     CLKNAND2HDV2      1  3.3    41    35   12287    (-,-) 
  IO_Port_E_inst/n_1           -       -      -     (net)             -    -     -     -       -    (-,-) 
  IO_Port_E_inst/g530__7410/ZN -       A1->ZN F     NOR3HDV2          3  5.7    58    45   12332    (-,-) 
  IO_Port_E_inst/n_2           -       -      -     (net)             -    -     -     -       -    (-,-) 
  IO_Port_E_inst/g528__2346/ZN -       A1->ZN F     INOR2HDV2         2  4.9    48   115   12447    (-,-) 
  IO_Port_E_inst/n_3           -       -      -     (net)             -    -     -     -       -    (-,-) 
  IO_Port_E_inst/g526__9945/Z  -       A1->Z  F     AND2HDV2RD        5 11.6    49    93   12540    (-,-) 
  IO_Port_E_inst/n_5           -       -      -     (net)             -    -     -     -       -    (-,-) 
  IO_Port_E_inst/g520__1881/Z  -       A1->Z  F     AO222HDV1         1  2.2    70   280   12820    (-,-) 
  dbus_out[0]                  -       -      -     (net)             -    -     -     -       -    (-,-) 
  dbus_out[0]                  -       -      F     (port)            -    -     -     0   12820    (-,-) 
#---------------------------------------------------------------------------------------------------------



Path 10: MET (28180 ps) Late External Delay Assertion at pin dbus_out[1]
           View: view_ff_v1p32
          Group: CLK
     Startpoint: (F) IO_Addr[2]
          Clock: (R) CLK
       Endpoint: (F) dbus_out[1]
          Clock: (R) CLK

                     Capture       Launch     
        Clock Edge:+   50000            0     
        Drv Adjust:+       0            2     
       Src Latency:+    1000         1250     
       Net Latency:+    1000 (I)     1000 (I) 
           Arrival:=   52000         2252     
                                              
      Output Delay:-   10000                  
       Uncertainty:-    1000                  
     Required Time:=   41000                  
      Launch Clock:-    2252                  
       Input Delay:-   10000                  
         Data Path:-     568                  
             Slack:=   28180                  

Exceptions/Constraints:
  input_delay             10000            Port_E_constraints_f_line_75_69_1  
  output_delay            10000            Port_E_constraints_f_line_76_110_1 

#---------------------------------------------------------------------------------------------------------
#        Timing Point          Flags    Arc   Edge     Cell      Fanout Load Trans Delay Arrival Instance 
#                                                                       (fF)  (ps)  (ps)   (ps)  Location 
#---------------------------------------------------------------------------------------------------------
  IO_Addr[2]                   -       -      F     (arrival)         1  3.3    17     0   12252    (-,-) 
  IO_Addr[2]                   -       -      -     (net)             -    -     -     -       -    (-,-) 
  IO_Port_E_inst/g531__6417/ZN -       A2->ZN R     CLKNAND2HDV2      1  3.3    41    35   12287    (-,-) 
  IO_Port_E_inst/n_1           -       -      -     (net)             -    -     -     -       -    (-,-) 
  IO_Port_E_inst/g530__7410/ZN -       A1->ZN F     NOR3HDV2          3  5.7    58    45   12332    (-,-) 
  IO_Port_E_inst/n_2           -       -      -     (net)             -    -     -     -       -    (-,-) 
  IO_Port_E_inst/g528__2346/ZN -       A1->ZN F     INOR2HDV2         2  4.9    48   115   12447    (-,-) 
  IO_Port_E_inst/n_3           -       -      -     (net)             -    -     -     -       -    (-,-) 
  IO_Port_E_inst/g526__9945/Z  -       A1->Z  F     AND2HDV2RD        5 11.6    49    93   12540    (-,-) 
  IO_Port_E_inst/n_5           -       -      -     (net)             -    -     -     -       -    (-,-) 
  IO_Port_E_inst/g521__5115/Z  -       A1->Z  F     AO222HDV1         1  2.2    70   280   12820    (-,-) 
  dbus_out[1]                  -       -      -     (net)             -    -     -     -       -    (-,-) 
  dbus_out[1]                  -       -      F     (port)            -    -     -     0   12820    (-,-) 
#---------------------------------------------------------------------------------------------------------

