/home/cadence/XCELIUMMAIN23.09.001/tools.lnx86/inca/bin/64bit/xmsim
Obtained 38 stack frames.
/home/cadence/XCELIUMMAIN23.09.001/tools.lnx86/inca/bin/64bit/../../../lib/64bit/libcbreakpad.so(_Z13use_backtracev+0x9d) [0x7f65f0b6b1a3]
/home/cadence/XCELIUMMAIN23.09.001/tools.lnx86/inca/bin/64bit/../../../lib/64bit/libcbreakpad.so(cbpad_generate_dump_on_demand+0x66) [0x7f65f0b6b630]
xmsim() [0x1b74039]
xmsim(serror+0x95) [0x1b75de5]
xmsim() [0xcb77a4]
xmsim() [0xcb7d8d]
/lib64/libpthread.so.0(+0x12d20) [0x7f65f1530d20]
xmsim() [0x2214fc7]
xmsim() [0x2215065]
xmsim() [0x2215189]
xmsim() [0x22155d9]
xmsim() [0x2215670]
xmsim() [0x221568e]
xmsim() [0x21ba595]
xmsim() [0x21ba7f3]
xmsim() [0x21b3500]
xmsim() [0x21b3847]
xmsim() [0x21b3b94]
xmsim() [0x22f9f3e]
xmsim() [0x2031759]
xmsim() [0x1646395]
xmsim() [0x71af4e]
xmsim() [0x75522b]
xmsim() [0xbd5a97]
xmsim(TclInvokeStringCommand+0x7b) [0x13cbd8b]
xmsim() [0x13d0cd7]
xmsim() [0x13d2f3d]
xmsim(Tcl_EvalEx+0x13) [0x13d36c3]
xmsim() [0x13d37c0]
xmsim() [0x13d3aea]
xmsim(Tcl_RecordAndEvalObj+0xce) [0x147542e]
xmsim(Tcl_RecordAndEval+0x38) [0x1475608]
xmsim() [0xbd9933]
xmsim() [0x730291]
xmsim(ncmain+0x8a) [0x72ee84]
xmsim(main+0x10) [0x25f928f]
/lib64/libc.so.6(__libc_start_main+0xe5) [0x7f65f0be27e5]
xmsim() [0x66938b]
